Hi,
I'm installing the SimulaQron on my Windows 7. I've installed the PIP, python 3.7.1 and installed Scipy, cython, twisted, matplotlib, networkx, service_identity, qutip.. all mentioned dependencies have been installed. I've setup the
PYTHONPATH = C:\Users\VAIVAL\AppData\Local\Programs\Python\Python37-32  python 3.7.1 is installed. Cloned the SimulaQron's Git project to local C:\Users\VAIVAL\SimulaQron
Added the path as NETSIM = C:\Users\VAIVAL\SimulaQron
Please help me with this problem. Everything is setup as mentioned but now when I run the tests using GitBash, it gives the following error:
Starting tests
Starting logging server
Started logging server
Testing cqc headers..
Traceback (most recent call last):
File "C:\Users\VAIVAL\SimulaQron/tests/auto/cqc/testCQCMessages.py", line 33, in 
from SimulaQron.cqc.backend.cqcLogMessageHandler import CQCLogMessageHandler
ModuleNotFoundError: No module named 'SimulaQron'
Starting SimulaQron server
Traceback (most recent call last):
File "C:\Users\VAIVAL\SimulaQron/configFiles.py", line 49, in 
from SimulaQron.settings import Settings
ModuleNotFoundError: No module named 'SimulaQron'
Traceback (most recent call last):
File "C:\Users\VAIVAL\SimulaQron/run/log/startCQCLog.py", line 6, in 
from SimulaQron.settings import Settings
ModuleNotFoundError: No module named 'SimulaQron'
Started SimulaQron server
Traceback (most recent call last):
File "C:\Users\VAIVAL\SimulaQron/configFiles.py", line 49, in 
from SimulaQron.settings import Settings
ModuleNotFoundError: No module named 'SimulaQron'
Traceback (most recent call last):
File "C:\Users\VAIVAL\SimulaQron/run/startNode.py", line 30, in 
from SimulaQron.virtNode.virtual import *
ModuleNotFoundError: No module named 'SimulaQron'
Traceback (most recent call last):
File "C:\Users\VAIVAL\SimulaQron/run/startCQC.py", line 4, in 
from SimulaQron.cqc.backend.cqcConfig import CQC_CONF_LINK_WAIT_TIME
ModuleNotFoundError: No module named 'SimulaQron'
Traceback (most recent call last):
File "C:\Users\VAIVAL\SimulaQron/run/startCQC.py", line 4, in 
from SimulaQron.cqc.backend.cqcConfig import CQC_CONF_LINK_WAIT_TIME
ModuleNotFoundError: No module named 'SimulaQron'
Traceback (most recent call last):
File "C:\Users\VAIVAL\SimulaQron/run/startNode.py", line 30, in 
from SimulaQron.virtNode.virtual import *
ModuleNotFoundError: No module named 'SimulaQron'
Traceback (most recent call last):
File "C:\Users\VAIVAL\SimulaQron/run/startNode.py", line 30, in 
from SimulaQron.virtNode.virtual import *
ModuleNotFoundError: No module named 'SimulaQron'
Traceback (most recent call last):
File "testEngine.py", line 31, in 
from SimulaQron.virtNode.crudeSimulator import simpleEngine
ModuleNotFoundError: No module named 'SimulaQron'
Traceback (most recent call last):
File "C:\Users\VAIVAL\SimulaQron/run/startNode.py", line 30, in 
from SimulaQron.virtNode.virtual import *
ModuleNotFoundError: No module named 'SimulaQron'
Traceback (most recent call last):
File "C:\Users\VAIVAL\SimulaQron/run/startCQC.py", line 4, in 
from SimulaQron.cqc.backend.cqcConfig import CQC_CONF_LINK_WAIT_TIME
ModuleNotFoundError: No module named 'SimulaQron'
Traceback (most recent call last):
File "C:\Users\VAIVAL\SimulaQron/run/startCQC.py", line 4, in 
from SimulaQron.cqc.backend.cqcConfig import CQC_CONF_LINK_WAIT_TIME
ModuleNotFoundError: No module named 'SimulaQron'
Traceback (most recent call last):
File "C:\Users\VAIVAL\SimulaQron/run/startCQC.py", line 4, in 
from SimulaQron.cqc.backend.cqcConfig import CQC_CONF_LINK_WAIT_TIME
ModuleNotFoundError: No module named 'SimulaQron'
Traceback (most recent call last):
File "C:\Users\VAIVAL\SimulaQron/run/startNode.py", line 30, in 
from SimulaQron.virtNode.virtual import *
ModuleNotFoundError: No module named 'SimulaQron'
You need to make sure your PYTHONPATH environment variable includes C:\Users\VAIVAL.
The errors you are getting are due to the python interpreter not being able to discover the python module your downloaded (SimulaQron). PYTHONPATH is used by python to search for modules to import, and by default will not include your home directory (C:\Users\VAIVAL).
I've never programmed on Windows, so I can't say how you would fix this exactly, but a search for "how to add a path to PYTHONPATH on windows 7" might help you.
EDIT: I see you added NETSIM already, follow the same steps and set PYTHONPATH to include C:\Users\VAIVAL.
The problem still persists. Please help me with this.
I've added the path for PYTHON and my Python version is 3.7.1, installed all the modules using PIP. I've tried several different methods, uninstalled everything and then start from zero but still the issue is there.
I've to simulate my quantum network communication using this software but I don't think I would be able to settle this issue without your assistance. Thanks.
Does PYTHONPATH equal C:\Users\VAIVAL\AppData\Local\Programs\Python\Python37-32;C:\Users\VAIVAL?
Yes, but the issue still there, as I've mentioned above errors. Do you think this has to do something with Pythonpath?? or May be SimulaQron is not detecting the twisted, cython.. etc packages from pip directory???
Please help
What is the result of running echo $PYTHONPATH in GitBash?
The issue you are having is related to the python import system rather than SimulaQron. I am 100% certain your PYTHONPATH has not being configured correctly, and without seeing the value of echo $PYTHONPATH in the environment where you are running your code I cannot help further.
Reading this guide will help you to debug the issue.
$ echo $PYTHONPATH
C:\Users\VAIVAL\AppData\Local\Programs\Python\Python37-32;C:\Users\VAIVAL
This is showing when I use echo. Paths are setup fine,
I've resolved the issue, this was because of Visual C++ 14.00 BuildTools missing and now ran the "RunAll" Test but now this error appears
Temporarily moving settings.ini to use default settings...
Starting SimulaQron sever (restricted topology)
Started SimulaQron sever (restricted topology)
C:\Users\VAIVAL\AppData\Local\Programs\Python\Python37-32\lib\site-packages\networkx\drawing\nx_pylab.py:611: MatplotlibDeprecationWarning: isinstance(..., numbers.Number)
if cb.is_numlike(alpha):
: No such name in the configuration file C:\Users\VAIVAL\SimulaQron/config/virtualNodes.cfg: 'Alice\r'
Traceback (most recent call last):
File "C:\Users\VAIVAL\SimulaQron/run/startNode.py", line 39, in 
be = backEnd(sys.argv[1], virtualFile)
File "C:\Users\VAIVAL\SimulaQron\virtNode\virtual.py", line 68, in init
raise e
File "C:\Users\VAIVAL\SimulaQron\virtNode\virtual.py", line 65, in init
self.myID = self.config.hostDict[name]
KeyError: 'Alice\r'
: Cannot start classical communication servers.
: Cannot start classical communication servers.
: Cannot start classical communication servers.
: No such name in the configuration file C:\Users\VAIVAL\SimulaQron/config/virtualNodes.cfg: 'Bob\r'
Traceback (most recent call last):
File "C:\Users\VAIVAL\SimulaQron/run/startNode.py", line 39, in 
be = backEnd(sys.argv[1], virtualFile)
File "C:\Users\VAIVAL\SimulaQron\virtNode\virtual.py", line 68, in init
raise e
File "C:\Users\VAIVAL\SimulaQron\virtNode\virtual.py", line 65, in init
self.myID = self.config.hostDict[name]
KeyError: 'Bob\r'
: No such name in the configuration file C:\Users\VAIVAL\SimulaQron/config/virtualNodes.cfg: 'Charlie\r'
Traceback (most recent call last):
File "C:\Users\VAIVAL\SimulaQron/run/startNode.py", line 39, in 
be = backEnd(sys.argv[1], virtualFile)
File "C:\Users\VAIVAL\SimulaQron\virtNode\virtual.py", line 68, in init
raise e
File "C:\Users\VAIVAL\SimulaQron\virtNode\virtual.py", line 65, in init
self.myID = self.config.hostDict[name]
KeyError: 'Charlie\r'
What is the "RunAll" test?
Could you give the exact steps taken, commands entered, and output received from each command to get to this point (i.e. all the details from git clone onwards)?
It looks like carriage returns aren't being stripped from your $NETSIM/config/Nodes.cfg file. In the meantime I would advise you use a Linux virtual machine to run SimulaQron.
I would advise using a Linux virtual machine, as you now seem to be running into Windows line ending issues and git bash will not work for running bash scripts as they rely on POSIX functionality.
Hi @pwnxromeo
I'm sorry that you're having trouble installing SimulaQron. I think I fixed the problem you mentioned above, which was indeed a bug (I think only occurring on Windows) with trailing '\r' characters in the input. If you pull the most recent version of the Develop-branch I hope this will now work for you. Otherwise let me know.
