When running the "Pip3 install -U qrl" command and on the " Running setup.py bdist_wheel for pyqryptonight ... -" part I get a return of:
pyqryptonight/qryptonightPYTHON_wrap.cxx /tmp/pip-build-zPPvUJ/pyqryptonight/src/api/qryptonight.i
/tmp/pip-build-zPPvUJ/pyqryptonight/src/pow/powhelper.h:27: Warning 201: Unable to find 'vector'
/tmp/pip-build-zPPvUJ/pyqryptonight/src/pow/powhelper.h:28: Warning 201: Unable to find 'cstdint'
/tmp/pip-build-zPPvUJ/pyqryptonight/src/pow/powhelper.h:29: Warning 201: Unable to find 'deque'
/tmp/pip-build-zPPvUJ/pyqryptonight/src/misc/strbignum.h:7: Warning 201: Unable to find 'vector'
/tmp/pip-build-zPPvUJ/pyqryptonight/src/misc/strbignum.h:8: Warning 201: Unable to find 'cstdint'
/tmp/pip-build-zPPvUJ/pyqryptonight/src/qryptonight/qryptonight.h:27: Warning 201: Unable to find 'vector'
/tmp/pip-build-zPPvUJ/pyqryptonight/src/qryptonight/qryptonight.h:28: Warning 201: Unable to find 'string'
/tmp/pip-build-zPPvUJ/pyqryptonight/deps/xmr-stak/xmrstak/backend/cpu/crypto/cryptonight_types.h:8: Warning 201: Unable to find 'cstdint'
/tmp/pip-build-zPPvUJ/pyqryptonight/src/qryptonight/qryptominer.h:28: Warning 201: Unable to find 'atomic'
/tmp/pip-build-zPPvUJ/pyqryptonight/src/qryptonight/qryptominer.h:29: Warning 201: Unable to find 'thread'
/tmp/pip-build-zPPvUJ/pyqryptonight/src/qryptonight/qryptominer.h:30: Warning 201: Unable to find 'mutex'
/tmp/pip-build-zPPvUJ/pyqryptonight/src/qryptonight/qryptominer.h:31: Warning 201: Unable to find 'future'
/tmp/pip-build-zPPvUJ/pyqryptonight/src/qryptonight/qryptominer.h:32: Warning 201: Unable to find 'deque'
/tmp/pip-build-zPPvUJ/pyqryptonight/deps/xmr-stak/xmrstak/backend/cpu/crypto/cryptonight_types.h:17: Warning 451: Setting a const char * variable may leak memory.
cd /tmp/pip-build-zPPvUJ/pyqryptonight/build/temp.linux-x86_64-2.7 && /usr/bin/cmake -E cmake_depends "Unix Makefiles" /tmp/pip-build-zPPvUJ/pyqryptonight /tmp/pip-build-zPPvUJ/pyqryptonight /tmp/pip-build-zPPvUJ/pyqryptonight/build/temp.linux-x86_64-2.7 /tmp/pip-build-zPPvUJ/pyqryptonight/build/temp.linux-x86_64-2.7 /tmp/pip-build-zPPvUJ/pyqryptonight/build/temp.linux-x86_64-2.7/CMakeFiles/_pyqryptonight.dir/DependInfo.cmake --color=
Scanning dependencies of target _pyqryptonight
make[2]: Leaving directory '/tmp/pip-build-zPPvUJ/pyqryptonight/build/temp.linux-x86_64-2.7'
/usr/bin/make -f CMakeFiles/_pyqryptonight.dir/build.make CMakeFiles/_pyqryptonight.dir/build
make[2]: Entering directory '/tmp/pip-build-zPPvUJ/pyqryptonight/build/temp.linux-x86_64-2.7'
[ 42%] Building CXX object CMakeFiles/_pyqryptonight.dir/build/lib.linux-x86_64-2.7/pyqryptonight/qryptonightPYTHON_wrap.cxx.o
/usr/bin/c++   -D_pyqryptonight_EXPORTS -I/tmp/pip-build-zPPvUJ/pyqryptonight/src/api -I/tmp/pip-build-zPPvUJ/pyqryptonight/src -I/tmp/pip-build-zPPvUJ/pyqryptonight/deps/xmr-stak -I/usr/include/python3.5m -I/tmp/pip-build-zPPvUJ/pyqryptonight/src/qryptonight  -march=native -mtune=native  -DVERSION_INFO="0.6.5"  -fPIC  -DVERSION_INFO="0.6.5"  -fPIC -std=c++14 -O3 -fPIC   -std=gnu++14 -o CMakeFiles/_pyqryptonight.dir/build/lib.linux-x86_64-2.7/pyqryptonight/qryptonightPYTHON_wrap.cxx.o -c /tmp/pip-build-zPPvUJ/pyqryptonight/build/lib.linux-x86_64-2.7/pyqryptonight/qryptonightPYTHON_wrap.cxx
[ 47%] Building CXX object CMakeFiles/_pyqryptonight.dir/src/misc/bignum.cpp.o
/usr/bin/c++   -D_pyqryptonight_EXPORTS -I/tmp/pip-build-zPPvUJ/pyqryptonight/src/api -I/tmp/pip-build-zPPvUJ/pyqryptonight/src -I/tmp/pip-build-zPPvUJ/pyqryptonight/deps/xmr-stak -I/usr/include/python3.5m -I/tmp/pip-build-zPPvUJ/pyqryptonight/src/qryptonight  -march=native -mtune=native  -DVERSION_INFO="0.6.5"  -fPIC  -DVERSION_INFO="0.6.5"  -fPIC -std=c++14 -O3 -fPIC   -std=gnu++14 -o CMakeFiles/_pyqryptonight.dir/src/misc/bignum.cpp.o -c /tmp/pip-build-zPPvUJ/pyqryptonight/src/misc/bignum.cpp
[ 52%] Building CXX object CMakeFiles/_pyqryptonight.dir/src/misc/strbignum.cpp.o
/usr/bin/c++   -D_pyqryptonight_EXPORTS -I/tmp/pip-build-zPPvUJ/pyqryptonight/src/api -I/tmp/pip-build-zPPvUJ/pyqryptonight/src -I/tmp/pip-build-zPPvUJ/pyqryptonight/deps/xmr-stak -I/usr/include/python3.5m -I/tmp/pip-build-zPPvUJ/pyqryptonight/src/qryptonight  -march=native -mtune=native  -DVERSION_INFO="0.6.5"  -fPIC  -DVERSION_INFO="0.6.5"  -fPIC -std=c++14 -O3 -fPIC   -std=gnu++14 -o CMakeFiles/_pyqryptonight.dir/src/misc/strbignum.cpp.o -c /tmp/pip-build-zPPvUJ/pyqryptonight/src/misc/strbignum.cpp
[ 63%] Building CXX object CMakeFiles/_pyqryptonight.dir/src/pow/powhelper.cpp.o
[ 63%] Building CXX object CMakeFiles/_pyqryptonight.dir/src/qryptonight/jconf.cpp.o
/usr/bin/c++   -D_pyqryptonight_EXPORTS -I/tmp/pip-build-zPPvUJ/pyqryptonight/src/api -I/tmp/pip-build-zPPvUJ/pyqryptonight/src -I/tmp/pip-build-zPPvUJ/pyqryptonight/deps/xmr-stak -I/usr/include/python3.5m -I/tmp/pip-build-zPPvUJ/pyqryptonight/src/qryptonight  -march=native -mtune=native  -DVERSION_INFO="0.6.5"  -fPIC  -DVERSION_INFO="0.6.5"  -fPIC -std=c++14 -O3 -fPIC   -std=gnu++14 -o CMakeFiles/_pyqryptonight.dir/src/pow/powhelper.cpp.o -c /tmp/pip-build-zPPvUJ/pyqryptonight/src/pow/powhelper.cpp
/usr/bin/c++   -D_pyqryptonight_EXPORTS -I/tmp/pip-build-zPPvUJ/pyqryptonight/src/api -I/tmp/pip-build-zPPvUJ/pyqryptonight/src -I/tmp/pip-build-zPPvUJ/pyqryptonight/deps/xmr-stak -I/usr/include/python3.5m -I/tmp/pip-build-zPPvUJ/pyqryptonight/src/qryptonight  -march=native -mtune=native  -DVERSION_INFO="0.6.5"  -fPIC  -DVERSION_INFO="0.6.5"  -fPIC -std=c++14 -O3 -fPIC   -std=gnu++14 -o CMakeFiles/_pyqryptonight.dir/src/qryptonight/jconf.cpp.o -c /tmp/pip-build-zPPvUJ/pyqryptonight/src/qryptonight/jconf.cpp
[ 68%] Building CXX object CMakeFiles/_pyqryptonight.dir/src/qryptonight/qryptominer.cpp.o
/usr/bin/c++   -D_pyqryptonight_EXPORTS -I/tmp/pip-build-zPPvUJ/pyqryptonight/src/api -I/tmp/pip-build-zPPvUJ/pyqryptonight/src -I/tmp/pip-build-zPPvUJ/pyqryptonight/deps/xmr-stak -I/usr/include/python3.5m -I/tmp/pip-build-zPPvUJ/pyqryptonight/src/qryptonight  -march=native -mtune=native  -DVERSION_INFO="0.6.5"  -fPIC  -DVERSION_INFO="0.6.5"  -fPIC -std=c++14 -O3 -fPIC   -std=gnu++14 -o CMakeFiles/_pyqryptonight.dir/src/qryptonight/qryptominer.cpp.o -c /tmp/pip-build-zPPvUJ/pyqryptonight/src/qryptonight/qryptominer.cpp
[ 73%] Building CXX object CMakeFiles/_pyqryptonight.dir/src/qryptonight/qryptonight.cpp.o
/usr/bin/c++   -D_pyqryptonight_EXPORTS -I/tmp/pip-build-zPPvUJ/pyqryptonight/src/api -I/tmp/pip-build-zPPvUJ/pyqryptonight/src -I/tmp/pip-build-zPPvUJ/pyqryptonight/deps/xmr-stak -I/usr/include/python3.5m -I/tmp/pip-build-zPPvUJ/pyqryptonight/src/qryptonight  -march=native -mtune=native  -DVERSION_INFO="0.6.5"  -fPIC  -DVERSION_INFO="0.6.5"  -fPIC -std=c++14 -O3 -fPIC   -std=gnu++14 -o CMakeFiles/_pyqryptonight.dir/src/qryptonight/qryptonight.cpp.o -c /tmp/pip-build-zPPvUJ/pyqryptonight/src/qryptonight/qryptonight.cpp
In file included from /usr/lib/gcc/x86_64-linux-gnu/5/include/x86intrin.h:43:0,
from /tmp/pip-build-zPPvUJ/pyqryptonight/deps/xmr-stak/xmrstak/backend/cpu/crypto/cryptonight_aesni.h:23,
from /tmp/pip-build-zPPvUJ/pyqryptonight/src/qryptonight/qryptonight.cpp:25:
/usr/lib/gcc/x86_64-linux-gnu/5/include/wmmintrin.h: In function ‘void aes_round(__m128i, __m128i*, __m128i*, __m128i*, __m128i*, __m128i*, __m128i*, __m128i*, __m128i*)’:
/usr/lib/gcc/x86_64-linux-gnu/5/include/wmmintrin.h:61:1: error: inlining failed in call to always_inline ‘__m128i _mm_aesenc_si128(__m128i, __m128i)’: target specific option mismatch
_mm_aesenc_si128 (__m128i __X, __m128i __Y)
^
In file included from /tmp/pip-build-zPPvUJ/pyqryptonight/src/qryptonight/qryptonight.cpp:25:0:
/tmp/pip-build-zPPvUJ/pyqryptonight/deps/xmr-stak/xmrstak/backend/cpu/crypto/cryptonight_aesni.h:136:24: error: called from here
*x7 = _mm_aesenc_si128(*x7, key);
^
In file included from /usr/lib/gcc/x86_64-linux-gnu/5/include/x86intrin.h:43:0,
from /tmp/pip-build-zPPvUJ/pyqryptonight/deps/xmr-stak/xmrstak/backend/cpu/crypto/cryptonight_aesni.h:23,
from /tmp/pip-build-zPPvUJ/pyqryptonight/src/qryptonight/qryptonight.cpp:25:
/usr/lib/gcc/x86_64-linux-gnu/5/include/wmmintrin.h:61:1: error: inlining failed in call to always_inline ‘__m128i _mm_aesenc_si128(__m128i, __m128i)’: target specific option mismatch
_mm_aesenc_si128 (__m128i __X, __m128i __Y)
^
In file included from /tmp/pip-build-zPPvUJ/pyqryptonight/src/qryptonight/qryptonight.cpp:25:0:
/tmp/pip-build-zPPvUJ/pyqryptonight/deps/xmr-stak/xmrstak/backend/cpu/crypto/cryptonight_aesni.h:135:24: error: called from here
*x6 = _mm_aesenc_si128(*x6, key);
^
In file included from /usr/lib/gcc/x86_64-linux-gnu/5/include/x86intrin.h:43:0,
from /tmp/pip-build-zPPvUJ/pyqryptonight/deps/xmr-stak/xmrstak/backend/cpu/crypto/cryptonight_aesni.h:23,
from /tmp/pip-build-zPPvUJ/pyqryptonight/src/qryptonight/qryptonight.cpp:25:
/usr/lib/gcc/x86_64-linux-gnu/5/include/wmmintrin.h:61:1: error: inlining failed in call to always_inline ‘__m128i _mm_aesenc_si128(__m128i, __m128i)’: target specific option mismatch
_mm_aesenc_si128 (__m128i __X, __m128i __Y)
^
In file included from /tmp/pip-build-zPPvUJ/pyqryptonight/src/qryptonight/qryptonight.cpp:25:0:
/tmp/pip-build-zPPvUJ/pyqryptonight/deps/xmr-stak/xmrstak/backend/cpu/crypto/cryptonight_aesni.h:134:24: error: called from here
*x5 = _mm_aesenc_si128(*x5, key);
^
In file included from /usr/lib/gcc/x86_64-linux-gnu/5/include/x86intrin.h:43:0,
from /tmp/pip-build-zPPvUJ/pyqryptonight/deps/xmr-stak/xmrstak/backend/cpu/crypto/cryptonight_aesni.h:23,
from /tmp/pip-build-zPPvUJ/pyqryptonight/src/qryptonight/qryptonight.cpp:25:
/usr/lib/gcc/x86_64-linux-gnu/5/include/wmmintrin.h:61:1: error: inlining failed in call to always_inline ‘__m128i _mm_aesenc_si128(__m128i, __m128i)’: target specific option mismatch
_mm_aesenc_si128 (__m128i __X, __m128i __Y)
^
In file included from /tmp/pip-build-zPPvUJ/pyqryptonight/src/qryptonight/qryptonight.cpp:25:0:
/tmp/pip-build-zPPvUJ/pyqryptonight/deps/xmr-stak/xmrstak/backend/cpu/crypto/cryptonight_aesni.h:133:24: error: called from here
*x4 = _mm_aesenc_si128(*x4, key);
^
In file included from /usr/lib/gcc/x86_64-linux-gnu/5/include/x86intrin.h:43:0,
from /tmp/pip-build-zPPvUJ/pyqryptonight/deps/xmr-stak/xmrstak/backend/cpu/crypto/cryptonight_aesni.h:23,
from /tmp/pip-build-zPPvUJ/pyqryptonight/src/qryptonight/qryptonight.cpp:25:
/usr/lib/gcc/x86_64-linux-gnu/5/include/wmmintrin.h:61:1: error: inlining failed in call to always_inline ‘__m128i _mm_aesenc_si128(__m128i, __m128i)’: target specific option mismatch
_mm_aesenc_si128 (__m128i __X, __m128i __Y)
^
In file included from /tmp/pip-build-zPPvUJ/pyqryptonight/src/qryptonight/qryptonight.cpp:25:0:
/tmp/pip-build-zPPvUJ/pyqryptonight/deps/xmr-stak/xmrstak/backend/cpu/crypto/cryptonight_aesni.h:132:24: error: called from here
*x3 = _mm_aesenc_si128(*x3, key);
^
In file included from /usr/lib/gcc/x86_64-linux-gnu/5/include/x86intrin.h:43:0,
from /tmp/pip-build-zPPvUJ/pyqryptonight/deps/xmr-stak/xmrstak/backend/cpu/crypto/cryptonight_aesni.h:23,
from /tmp/pip-build-zPPvUJ/pyqryptonight/src/qryptonight/qryptonight.cpp:25:
/usr/lib/gcc/x86_64-linux-gnu/5/include/wmmintrin.h:61:1: error: inlining failed in call to always_inline ‘__m128i _mm_aesenc_si128(__m128i, __m128i)’: target specific option mismatch
_mm_aesenc_si128 (__m128i __X, __m128i __Y)
^
In file included from /tmp/pip-build-zPPvUJ/pyqryptonight/src/qryptonight/qryptonight.cpp:25:0:
/tmp/pip-build-zPPvUJ/pyqryptonight/deps/xmr-stak/xmrstak/backend/cpu/crypto/cryptonight_aesni.h:131:24: error: called from here
*x2 = _mm_aesenc_si128(*x2, key);
^
In file included from /usr/lib/gcc/x86_64-linux-gnu/5/include/x86intrin.h:43:0,
from /tmp/pip-build-zPPvUJ/pyqryptonight/deps/xmr-stak/xmrstak/backend/cpu/crypto/cryptonight_aesni.h:23,
from /tmp/pip-build-zPPvUJ/pyqryptonight/src/qryptonight/qryptonight.cpp:25:
/usr/lib/gcc/x86_64-linux-gnu/5/include/wmmintrin.h:61:1: error: inlining failed in call to always_inline ‘__m128i _mm_aesenc_si128(__m128i, __m128i)’: target specific option mismatch
_mm_aesenc_si128 (__m128i __X, __m128i __Y)
^
In file included from /tmp/pip-build-zPPvUJ/pyqryptonight/src/qryptonight/qryptonight.cpp:25:0:
/tmp/pip-build-zPPvUJ/pyqryptonight/deps/xmr-stak/xmrstak/backend/cpu/crypto/cryptonight_aesni.h:130:24: error: called from here
*x1 = _mm_aesenc_si128(*x1, key);
^
In file included from /usr/lib/gcc/x86_64-linux-gnu/5/include/x86intrin.h:43:0,
from /tmp/pip-build-zPPvUJ/pyqryptonight/deps/xmr-stak/xmrstak/backend/cpu/crypto/cryptonight_aesni.h:23,
from /tmp/pip-build-zPPvUJ/pyqryptonight/src/qryptonight/qryptonight.cpp:25:
/usr/lib/gcc/x86_64-linux-gnu/5/include/wmmintrin.h:61:1: error: inlining failed in call to always_inline ‘__m128i _mm_aesenc_si128(__m128i, __m128i)’: target specific option mismatch
_mm_aesenc_si128 (__m128i __X, __m128i __Y)
^
In file included from /tmp/pip-build-zPPvUJ/pyqryptonight/src/qryptonight/qryptonight.cpp:25:0:
/tmp/pip-build-zPPvUJ/pyqryptonight/deps/xmr-stak/xmrstak/backend/cpu/crypto/cryptonight_aesni.h:129:24: error: called from here
*x0 = _mm_aesenc_si128(*x0, key);
^
CMakeFiles/_pyqryptonight.dir/build.make:217: recipe for target 'CMakeFiles/_pyqryptonight.dir/src/qryptonight/qryptonight.cpp.o' failed
make[2]: *** [CMakeFiles/_pyqryptonight.dir/src/qryptonight/qryptonight.cpp.o] Error 1
make[2]: *** Waiting for unfinished jobs....
make[2]: Leaving directory '/tmp/pip-build-zPPvUJ/pyqryptonight/build/temp.linux-x86_64-2.7'
CMakeFiles/Makefile2:70: recipe for target 'CMakeFiles/_pyqryptonight.dir/all' failed
make[1]: *** [CMakeFiles/_pyqryptonight.dir/all] Error 2
make[1]: Leaving directory '/tmp/pip-build-zPPvUJ/pyqryptonight/build/temp.linux-x86_64-2.7'
Makefile:86: recipe for target 'all' failed
make: *** [all] Error 2
Traceback (most recent call last):
File "", line 1, in 
File "/tmp/pip-build-zPPvUJ/pyqryptonight/setup.py", line 66, in 
setup_package()
File "/tmp/pip-build-zPPvUJ/pyqryptonight/setup.py", line 62, in setup_package
use_pyscaffold=True)
File "/home/Mariono/.local/lib/python2.7/site-packages/setuptools/init.py", line 129, in setup
return distutils.core.setup(**attrs)
File "/usr/lib/python2.7/distutils/core.py", line 151, in setup
dist.run_commands()
File "/usr/lib/python2.7/distutils/dist.py", line 953, in run_commands
self.run_command(cmd)
File "/usr/lib/python2.7/distutils/dist.py", line 972, in run_command
cmd_obj.run()
File "/home/Mariono/.local/lib/python2.7/site-packages/wheel/bdist_wheel.py", line 204, in run
self.run_command('build')
File "/usr/lib/python2.7/distutils/cmd.py", line 326, in run_command
self.distribution.run_command(command)
File "/usr/lib/python2.7/distutils/dist.py", line 972, in run_command
cmd_obj.run()
File "/usr/lib/python2.7/distutils/command/build.py", line 128, in run
self.run_command(cmd_name)
File "/usr/lib/python2.7/distutils/cmd.py", line 326, in run_command
self.distribution.run_command(command)
File "/usr/lib/python2.7/distutils/dist.py", line 972, in run_command
cmd_obj.run()
File "/tmp/pip-build-zPPvUJ/pyqryptonight/setup.py", line 43, in run
'--config', 'Release', '--', '-j2'], cwd=self.build_temp)
File "/usr/lib/python2.7/subprocess.py", line 541, in check_call
raise CalledProcessError(retcode, cmd)
subprocess.CalledProcessError: Command '['cmake', '--build', '.', '--config', 'Release', '--', '-j2']' returned non-zero exit status 2
Failed building wheel for pyqryptonight
Running setup.py clean for pyqryptonight
Failed to build pyqryptonight
Installing collected packages: wheel, setuptools, scikit-build, pyqryptonight
Running setup.py install for pyqryptonight ... \
/tmp/pip-build-zPPvUJ/pyqryptonight/src/misc/strbignum.h:8: Warning 201: Unable to find 'cstdint'
/tmp/pip-build-zPPvUJ/pyqryptonight/src/qryptonight/qryptonight.h:27: Warning 201: Unable to find 'vector'
/tmp/pip-build-zPPvUJ/pyqryptonight/src/qryptonight/qryptonight.h:28: Warning 201: Unable to find 'string'
/tmp/pip-build-zPPvUJ/pyqryptonight/deps/xmr-stak/xmrstak/backend/cpu/crypto/cryptonight_types.h:8: Warning 201: Unable to find 'cstdint'
/tmp/pip-build-zPPvUJ/pyqryptonight/src/qryptonight/qryptominer.h:28: Warning 201: Unable to find 'atomic'
/tmp/pip-build-zPPvUJ/pyqryptonight/src/qryptonight/qryptominer.h:29: Warning 201: Unable to find 'thread'
/tmp/pip-build-zPPvUJ/pyqryptonight/src/qryptonight/qryptominer.h:30: Warning 201: Unable to find 'mutex'
/tmp/pip-build-zPPvUJ/pyqryptonight/src/qryptonight/qryptominer.h:31: Warning 201: Unable to find 'future'
/tmp/pip-build-zPPvUJ/pyqryptonight/src/qryptonight/qryptominer.h:32: Warning 201: Unable to find 'deque'
/tmp/pip-build-zPPvUJ/pyqryptonight/deps/xmr-stak/xmrstak/backend/cpu/crypto/cryptonight_types.h:17: Warning 451: Setting a const char * variable may leak memory.
cd /tmp/pip-build-zPPvUJ/pyqryptonight/build/temp.linux-x86_64-2.7 && /usr/bin/cmake -E cmake_depends "Unix Makefiles" /tmp/pip-build-zPPvUJ/pyqryptonight /tmp/pip-build-zPPvUJ/pyqryptonight /tmp/pip-build-zPPvUJ/pyqryptonight/build/temp.linux-x86_64-2.7 /tmp/pip-build-zPPvUJ/pyqryptonight/build/temp.linux-x86_64-2.7 /tmp/pip-build-zPPvUJ/pyqryptonight/build/temp.linux-x86_64-2.7/CMakeFiles/_pyqryptonight.dir/DependInfo.cmake --color=
Scanning dependencies of target _pyqryptonight
make[2]: Leaving directory '/tmp/pip-build-zPPvUJ/pyqryptonight/build/temp.linux-x86_64-2.7'
/usr/bin/make -f CMakeFiles/_pyqryptonight.dir/build.make CMakeFiles/_pyqryptonight.dir/build
make[2]: Entering directory '/tmp/pip-build-zPPvUJ/pyqryptonight/build/temp.linux-x86_64-2.7'
[ 42%] Building CXX object CMakeFiles/_pyqryptonight.dir/build/lib.linux-x86_64-2.7/pyqryptonight/qryptonightPYTHON_wrap.cxx.o
/usr/bin/c++   -D_pyqryptonight_EXPORTS -I/tmp/pip-build-zPPvUJ/pyqryptonight/src/api -I/tmp/pip-build-zPPvUJ/pyqryptonight/src -I/tmp/pip-build-zPPvUJ/pyqryptonight/deps/xmr-stak -I/usr/include/python3.5m -I/tmp/pip-build-zPPvUJ/pyqryptonight/src/qryptonight  -march=native -mtune=native  -DVERSION_INFO="0.6.5"  -fPIC  -DVERSION_INFO="0.6.5"  -fPIC -std=c++14 -O3 -fPIC   -std=gnu++14 -o CMakeFiles/_pyqryptonight.dir/build/lib.linux-x86_64-2.7/pyqryptonight/qryptonightPYTHON_wrap.cxx.o -c /tmp/pip-build-zPPvUJ/pyqryptonight/build/lib.linux-x86_64-2.7/pyqryptonight/qryptonightPYTHON_wrap.cxx
[ 47%] Building CXX object CMakeFiles/_pyqryptonight.dir/src/misc/bignum.cpp.o
/usr/bin/c++   -D_pyqryptonight_EXPORTS -I/tmp/pip-build-zPPvUJ/pyqryptonight/src/api -I/tmp/pip-build-zPPvUJ/pyqryptonight/src -I/tmp/pip-build-zPPvUJ/pyqryptonight/deps/xmr-stak -I/usr/include/python3.5m -I/tmp/pip-build-zPPvUJ/pyqryptonight/src/qryptonight  -march=native -mtune=native  -DVERSION_INFO="0.6.5"  -fPIC  -DVERSION_INFO="0.6.5"  -fPIC -std=c++14 -O3 -fPIC   -std=gnu++14 -o CMakeFiles/_pyqryptonight.dir/src/misc/bignum.cpp.o -c /tmp/pip-build-zPPvUJ/pyqryptonight/src/misc/bignum.cpp
[ 52%] Building CXX object CMakeFiles/_pyqryptonight.dir/src/misc/strbignum.cpp.o
/usr/bin/c++   -D_pyqryptonight_EXPORTS -I/tmp/pip-build-zPPvUJ/pyqryptonight/src/api -I/tmp/pip-build-zPPvUJ/pyqryptonight/src -I/tmp/pip-build-zPPvUJ/pyqryptonight/deps/xmr-stak -I/usr/include/python3.5m -I/tmp/pip-build-zPPvUJ/pyqryptonight/src/qryptonight  -march=native -mtune=native  -DVERSION_INFO="0.6.5"  -fPIC  -DVERSION_INFO="0.6.5"  -fPIC -std=c++14 -O3 -fPIC   -std=gnu++14 -o CMakeFiles/_pyqryptonight.dir/src/misc/strbignum.cpp.o -c /tmp/pip-build-zPPvUJ/pyqryptonight/src/misc/strbignum.cpp
[ 63%] Building CXX object CMakeFiles/_pyqryptonight.dir/src/qryptonight/jconf.cpp.o
[ 63%] Building CXX object CMakeFiles/_pyqryptonight.dir/src/pow/powhelper.cpp.o
/usr/bin/c++   -D_pyqryptonight_EXPORTS -I/tmp/pip-build-zPPvUJ/pyqryptonight/src/api -I/tmp/pip-build-zPPvUJ/pyqryptonight/src -I/tmp/pip-build-zPPvUJ/pyqryptonight/deps/xmr-stak -I/usr/include/python3.5m -I/tmp/pip-build-zPPvUJ/pyqryptonight/src/qryptonight  -march=native -mtune=native  -DVERSION_INFO="0.6.5"  -fPIC  -DVERSION_INFO="0.6.5"  -fPIC -std=c++14 -O3 -fPIC   -std=gnu++14 -o CMakeFiles/_pyqryptonight.dir/src/pow/powhelper.cpp.o -c /tmp/pip-build-zPPvUJ/pyqryptonight/src/pow/powhelper.cpp
/usr/bin/c++   -D_pyqryptonight_EXPORTS -I/tmp/pip-build-zPPvUJ/pyqryptonight/src/api -I/tmp/pip-build-zPPvUJ/pyqryptonight/src -I/tmp/pip-build-zPPvUJ/pyqryptonight/deps/xmr-stak -I/usr/include/python3.5m -I/tmp/pip-build-zPPvUJ/pyqryptonight/src/qryptonight  -march=native -mtune=native  -DVERSION_INFO="0.6.5"  -fPIC  -DVERSION_INFO="0.6.5"  -fPIC -std=c++14 -O3 -fPIC   -std=gnu++14 -o CMakeFiles/_pyqryptonight.dir/src/qryptonight/jconf.cpp.o -c /tmp/pip-build-zPPvUJ/pyqryptonight/src/qryptonight/jconf.cpp
[ 68%] Building CXX object CMakeFiles/_pyqryptonight.dir/src/qryptonight/qryptominer.cpp.o
/usr/bin/c++   -D_pyqryptonight_EXPORTS -I/tmp/pip-build-zPPvUJ/pyqryptonight/src/api -I/tmp/pip-build-zPPvUJ/pyqryptonight/src -I/tmp/pip-build-zPPvUJ/pyqryptonight/deps/xmr-stak -I/usr/include/python3.5m -I/tmp/pip-build-zPPvUJ/pyqryptonight/src/qryptonight  -march=native -mtune=native  -DVERSION_INFO="0.6.5"  -fPIC  -DVERSION_INFO="0.6.5"  -fPIC -std=c++14 -O3 -fPIC   -std=gnu++14 -o CMakeFiles/_pyqryptonight.dir/src/qryptonight/qryptominer.cpp.o -c /tmp/pip-build-zPPvUJ/pyqryptonight/src/qryptonight/qryptominer.cpp
[ 73%] Building CXX object CMakeFiles/_pyqryptonight.dir/src/qryptonight/qryptonight.cpp.o
/usr/bin/c++   -D_pyqryptonight_EXPORTS -I/tmp/pip-build-zPPvUJ/pyqryptonight/src/api -I/tmp/pip-build-zPPvUJ/pyqryptonight/src -I/tmp/pip-build-zPPvUJ/pyqryptonight/deps/xmr-stak -I/usr/include/python3.5m -I/tmp/pip-build-zPPvUJ/pyqryptonight/src/qryptonight  -march=native -mtune=native  -DVERSION_INFO="0.6.5"  -fPIC  -DVERSION_INFO="0.6.5"  -fPIC -std=c++14 -O3 -fPIC   -std=gnu++14 -o CMakeFiles/_pyqryptonight.dir/src/qryptonight/qryptonight.cpp.o -c /tmp/pip-build-zPPvUJ/pyqryptonight/src/qryptonight/qryptonight.cpp
In file included from /usr/lib/gcc/x86_64-linux-gnu/5/include/x86intrin.h:43:0,
from /tmp/pip-build-zPPvUJ/pyqryptonight/deps/xmr-stak/xmrstak/backend/cpu/crypto/cryptonight_aesni.h:23,
from /tmp/pip-build-zPPvUJ/pyqryptonight/src/qryptonight/qryptonight.cpp:25:
/usr/lib/gcc/x86_64-linux-gnu/5/include/wmmintrin.h: In function ‘void aes_round(__m128i, __m128i*, __m128i*, __m128i*, __m128i*, __m128i*, __m128i*, __m128i*, __m128i*)’:
/usr/lib/gcc/x86_64-linux-gnu/5/include/wmmintrin.h:61:1: error: inlining failed in call to always_inline ‘__m128i _mm_aesenc_si128(__m128i, __m128i)’: target specific option mismatch
_mm_aesenc_si128 (__m128i __X, __m128i __Y)
^
In file included from /tmp/pip-build-zPPvUJ/pyqryptonight/src/qryptonight/qryptonight.cpp:25:0:
/tmp/pip-build-zPPvUJ/pyqryptonight/deps/xmr-stak/xmrstak/backend/cpu/crypto/cryptonight_aesni.h:136:24: error: called from here
*x7 = _mm_aesenc_si128(*x7, key);
^
In file included from /usr/lib/gcc/x86_64-linux-gnu/5/include/x86intrin.h:43:0,
from /tmp/pip-build-zPPvUJ/pyqryptonight/deps/xmr-stak/xmrstak/backend/cpu/crypto/cryptonight_aesni.h:23,
from /tmp/pip-build-zPPvUJ/pyqryptonight/src/qryptonight/qryptonight.cpp:25:
/usr/lib/gcc/x86_64-linux-gnu/5/include/wmmintrin.h:61:1: error: inlining failed in call to always_inline ‘__m128i _mm_aesenc_si128(__m128i, __m128i)’: target specific option mismatch
_mm_aesenc_si128 (__m128i __X, __m128i __Y)
^
In file included from /tmp/pip-build-zPPvUJ/pyqryptonight/src/qryptonight/qryptonight.cpp:25:0:
/tmp/pip-build-zPPvUJ/pyqryptonight/deps/xmr-stak/xmrstak/backend/cpu/crypto/cryptonight_aesni.h:135:24: error: called from here
*x6 = _mm_aesenc_si128(*x6, key);
^
In file included from /usr/lib/gcc/x86_64-linux-gnu/5/include/x86intrin.h:43:0,
from /tmp/pip-build-zPPvUJ/pyqryptonight/deps/xmr-stak/xmrstak/backend/cpu/crypto/cryptonight_aesni.h:23,
from /tmp/pip-build-zPPvUJ/pyqryptonight/src/qryptonight/qryptonight.cpp:25:
/usr/lib/gcc/x86_64-linux-gnu/5/include/wmmintrin.h:61:1: error: inlining failed in call to always_inline ‘__m128i _mm_aesenc_si128(__m128i, __m128i)’: target specific option mismatch
_mm_aesenc_si128 (__m128i __X, __m128i __Y)
^
In file included from /tmp/pip-build-zPPvUJ/pyqryptonight/src/qryptonight/qryptonight.cpp:25:0:
/tmp/pip-build-zPPvUJ/pyqryptonight/deps/xmr-stak/xmrstak/backend/cpu/crypto/cryptonight_aesni.h:134:24: error: called from here
*x5 = _mm_aesenc_si128(*x5, key);
^
In file included from /usr/lib/gcc/x86_64-linux-gnu/5/include/x86intrin.h:43:0,
from /tmp/pip-build-zPPvUJ/pyqryptonight/deps/xmr-stak/xmrstak/backend/cpu/crypto/cryptonight_aesni.h:23,
from /tmp/pip-build-zPPvUJ/pyqryptonight/src/qryptonight/qryptonight.cpp:25:
/usr/lib/gcc/x86_64-linux-gnu/5/include/wmmintrin.h:61:1: error: inlining failed in call to always_inline ‘__m128i _mm_aesenc_si128(__m128i, __m128i)’: target specific option mismatch
_mm_aesenc_si128 (__m128i __X, __m128i __Y)
^
In file included from /tmp/pip-build-zPPvUJ/pyqryptonight/src/qryptonight/qryptonight.cpp:25:0:
/tmp/pip-build-zPPvUJ/pyqryptonight/deps/xmr-stak/xmrstak/backend/cpu/crypto/cryptonight_aesni.h:133:24: error: called from here
*x4 = _mm_aesenc_si128(*x4, key);
^
In file included from /usr/lib/gcc/x86_64-linux-gnu/5/include/x86intrin.h:43:0,
from /tmp/pip-build-zPPvUJ/pyqryptonight/deps/xmr-stak/xmrstak/backend/cpu/crypto/cryptonight_aesni.h:23,
from /tmp/pip-build-zPPvUJ/pyqryptonight/src/qryptonight/qryptonight.cpp:25:
/usr/lib/gcc/x86_64-linux-gnu/5/include/wmmintrin.h:61:1: error: inlining failed in call to always_inline ‘__m128i _mm_aesenc_si128(__m128i, __m128i)’: target specific option mismatch
_mm_aesenc_si128 (__m128i __X, __m128i __Y)
^
In file included from /tmp/pip-build-zPPvUJ/pyqryptonight/src/qryptonight/qryptonight.cpp:25:0:
/tmp/pip-build-zPPvUJ/pyqryptonight/deps/xmr-stak/xmrstak/backend/cpu/crypto/cryptonight_aesni.h:132:24: error: called from here
*x3 = _mm_aesenc_si128(*x3, key);
^
In file included from /usr/lib/gcc/x86_64-linux-gnu/5/include/x86intrin.h:43:0,
from /tmp/pip-build-zPPvUJ/pyqryptonight/deps/xmr-stak/xmrstak/backend/cpu/crypto/cryptonight_aesni.h:23,
from /tmp/pip-build-zPPvUJ/pyqryptonight/src/qryptonight/qryptonight.cpp:25:
/usr/lib/gcc/x86_64-linux-gnu/5/include/wmmintrin.h:61:1: error: inlining failed in call to always_inline ‘__m128i _mm_aesenc_si128(__m128i, __m128i)’: target specific option mismatch
_mm_aesenc_si128 (__m128i __X, __m128i __Y)
^
In file included from /tmp/pip-build-zPPvUJ/pyqryptonight/src/qryptonight/qryptonight.cpp:25:0:
/tmp/pip-build-zPPvUJ/pyqryptonight/deps/xmr-stak/xmrstak/backend/cpu/crypto/cryptonight_aesni.h:131:24: error: called from here
*x2 = _mm_aesenc_si128(*x2, key);
^
In file included from /usr/lib/gcc/x86_64-linux-gnu/5/include/x86intrin.h:43:0,
from /tmp/pip-build-zPPvUJ/pyqryptonight/deps/xmr-stak/xmrstak/backend/cpu/crypto/cryptonight_aesni.h:23,
from /tmp/pip-build-zPPvUJ/pyqryptonight/src/qryptonight/qryptonight.cpp:25:
/usr/lib/gcc/x86_64-linux-gnu/5/include/wmmintrin.h:61:1: error: inlining failed in call to always_inline ‘__m128i _mm_aesenc_si128(__m128i, __m128i)’: target specific option mismatch
_mm_aesenc_si128 (__m128i __X, __m128i __Y)
^
In file included from /tmp/pip-build-zPPvUJ/pyqryptonight/src/qryptonight/qryptonight.cpp:25:0:
/tmp/pip-build-zPPvUJ/pyqryptonight/deps/xmr-stak/xmrstak/backend/cpu/crypto/cryptonight_aesni.h:130:24: error: called from here
*x1 = _mm_aesenc_si128(*x1, key);
^
In file included from /usr/lib/gcc/x86_64-linux-gnu/5/include/x86intrin.h:43:0,
from /tmp/pip-build-zPPvUJ/pyqryptonight/deps/xmr-stak/xmrstak/backend/cpu/crypto/cryptonight_aesni.h:23,
from /tmp/pip-build-zPPvUJ/pyqryptonight/src/qryptonight/qryptonight.cpp:25:
/usr/lib/gcc/x86_64-linux-gnu/5/include/wmmintrin.h:61:1: error: inlining failed in call to always_inline ‘__m128i _mm_aesenc_si128(__m128i, __m128i)’: target specific option mismatch
_mm_aesenc_si128 (__m128i __X, __m128i __Y)
^
In file included from /tmp/pip-build-zPPvUJ/pyqryptonight/src/qryptonight/qryptonight.cpp:25:0:
/tmp/pip-build-zPPvUJ/pyqryptonight/deps/xmr-stak/xmrstak/backend/cpu/crypto/cryptonight_aesni.h:129:24: error: called from here
*x0 = _mm_aesenc_si128(*x0, key);
^
CMakeFiles/_pyqryptonight.dir/build.make:217: recipe for target 'CMakeFiles/_pyqryptonight.dir/src/qryptonight/qryptonight.cpp.o' failed
make[2]: *** [CMakeFiles/_pyqryptonight.dir/src/qryptonight/qryptonight.cpp.o] Error 1
make[2]: *** Waiting for unfinished jobs....
make[2]: Leaving directory '/tmp/pip-build-zPPvUJ/pyqryptonight/build/temp.linux-x86_64-2.7'
CMakeFiles/Makefile2:70: recipe for target 'CMakeFiles/_pyqryptonight.dir/all' failed
make[1]: *** [CMakeFiles/_pyqryptonight.dir/all] Error 2
make[1]: Leaving directory '/tmp/pip-build-zPPvUJ/pyqryptonight/build/temp.linux-x86_64-2.7'
Makefile:86: recipe for target 'all' failed
make: *** [all] Error 2
Traceback (most recent call last):
File "", line 1, in 
File "/tmp/pip-build-zPPvUJ/pyqryptonight/setup.py", line 66, in 
setup_package()
File "/tmp/pip-build-zPPvUJ/pyqryptonight/setup.py", line 62, in setup_package
use_pyscaffold=True)
File "/home/Mariono/.local/lib/python2.7/site-packages/setuptools/init.py", line 129, in setup
return distutils.core.setup(**attrs)
File "/usr/lib/python2.7/distutils/core.py", line 151, in setup
dist.run_commands()
File "/usr/lib/python2.7/distutils/dist.py", line 953, in run_commands
self.run_command(cmd)
File "/usr/lib/python2.7/distutils/dist.py", line 972, in run_command
cmd_obj.run()
File "/tmp/pip-build-zPPvUJ/pyqryptonight/.eggs/PyScaffold-2.5.8-py2.7.egg/pyscaffold/contrib/pbr/pbr/packaging.py", line 200, in run
return du_install.install.run(self)
File "/usr/lib/python2.7/distutils/command/install.py", line 601, in run
self.run_command('build')
File "/usr/lib/python2.7/distutils/cmd.py", line 326, in run_command
self.distribution.run_command(command)
File "/usr/lib/python2.7/distutils/dist.py", line 972, in run_command
cmd_obj.run()
File "/usr/lib/python2.7/distutils/command/build.py", line 128, in run
self.run_command(cmd_name)
File "/usr/lib/python2.7/distutils/cmd.py", line 326, in run_command
self.distribution.run_command(command)
File "/usr/lib/python2.7/distutils/dist.py", line 972, in run_command
cmd_obj.run()
File "/tmp/pip-build-zPPvUJ/pyqryptonight/setup.py", line 43, in run
'--config', 'Release', '--', '-j2'], cwd=self.build_temp)
File "/usr/lib/python2.7/subprocess.py", line 541, in check_call
raise CalledProcessError(retcode, cmd)
subprocess.CalledProcessError: Command '['cmake', '--build', '.', '--config', 'Release', '--', '-j2']' returned non-zero exit status 2
Command "/usr/bin/python -u -c "import setuptools, tokenize;file='/tmp/pip-build-zPPvUJ/pyqryptonight/setup.py';exec(compile(getattr(tokenize, 'open', open)(file).read().replace('\r\n', '\n'), file, 'exec'))" install --record /tmp/pip-uelDz7-record/install-record.txt --single-version-externally-managed --compile --user --prefix=" failed with error code 1 in /tmp/pip-build-zPPvUJ/pyqryptonight/
This seems very much related to issue #895
Could you post your CPU model? Are you using a virtual machine?
I am not running a virtual machine, rather I am using my Toshiba Laptop running on Windows 10. It has 6GB of RAM, a 64-bit Operating System, and its processor is an Intel(R) Pentium(R) CPU B980 @ 2.40GHz 2.40 GHz, which is also a x64-based processor.
Yes, similar case. You need a CPU with AEI-NI support. Unfortunately this laptop does not.
I will close the issue. Maybe in the future we provide support for older hardware but in practice, they will not be efficient for any mining purposes so this task is low priority for now.
