Hi all,
I am running the simple tutorial example as follows on PyCharm (python3.9):
from pyquil import Program, get_qc
from pyquil.gates import *
from pyquil.api import local_forest_runtime
local_forest_runtime()
prog = Program(Z(0), CNOT(0, 1))
p = Program(H(0), CNOT(0, 1))
qc = get_qc('9q-square-qvm')
The code runs fine till second last line
and after this line :
qc = get_qc('9q-square-qvm')
gives following error:
Traceback (most recent call last):
File "C:\Users\ruchikabhat\AppData\Roaming\Python\Python39\site-packages\httpx_exceptions.py", line 339, in map_exceptions
yield
File "C:\Users\ruchikabhat\AppData\Roaming\Python\Python39\site-packages\httpx_client.py", line 854, in _send_single_request
(status_code, headers, stream, ext) = transport.request(
File "C:\Users\ruchikabhat\AppData\Roaming\Python\Python39\site-packages\httpcore_sync\connection_pool.py", line 200, in request
response = connection.request(
File "C:\Users\ruchikabhat\AppData\Roaming\Python\Python39\site-packages\httpcore_sync\connection.py", line 87, in request
self.socket = self._open_socket(timeout)
File "C:\Users\ruchikabhat\AppData\Roaming\Python\Python39\site-packages\httpcore_sync\connection.py", line 108, in _open_socket
return self.backend.open_tcp_stream(
File "C:\Users\ruchikabhat\AppData\Roaming\Python\Python39\site-packages\httpcore_backends\sync.py", line 144, in open_tcp_stream
return SyncSocketStream(sock=sock)
File "C:\Users\ruchikabhat\AppData\Local\Programs\Python\Python39\lib\contextlib.py", line 135, in exit
self.gen.throw(type, value, traceback)
File "C:\Users\ruchikabhat\AppData\Roaming\Python\Python39\site-packages\httpcore_exceptions.py", line 12, in map_exceptions
raise to_exc(exc) from None
httpcore.ConnectError: [WinError 10061] No connection could be made because the target machine actively refused it
The above exception was the direct cause of the following exception:
Traceback (most recent call last):
File "C:\Users\ruchikabhat\Desktop\ankur.py", line 11, in 
qc = get_qc('9q-square-qvm')
File "C:\Users\ruchikabhat\AppData\Roaming\Python\Python39\site-packages\pyquil\api_error_reporting.py", line 243, in wrapper
val = func(*args, **kwargs)
File "C:\Users\ruchikabhat\AppData\Roaming\Python\Python39\site-packages\pyquil\api_quantum_computer.py", line 901, in get_qc
return _get_9q_square_qvm(
File "C:\Users\ruchikabhat\AppData\Roaming\Python\Python39\site-packages\pyquil\api_quantum_computer.py", line 712, in _get_9q_square_qvm
return _get_qvm_with_topology(
File "C:\Users\ruchikabhat\AppData\Roaming\Python\Python39\site-packages\pyquil\api_quantum_computer.py", line 681, in _get_qvm_with_topology
return _get_qvm_qc(
File "C:\Users\ruchikabhat\AppData\Roaming\Python\Python39\site-packages\pyquil\api_quantum_computer.py", line 639, in _get_qvm_qc
qam=_get_qvm_or_pyqvm(
File "C:\Users\ruchikabhat\AppData\Roaming\Python\Python39\site-packages\pyquil\api_quantum_computer.py", line 608, in _get_qvm_or_pyqvm
return QVM(noise_model=noise_model, timeout=timeout, client_configuration=client_configuration)
File "C:\Users\ruchikabhat\AppData\Roaming\Python\Python39\site-packages\pyquil\api_error_reporting.py", line 243, in wrapper
val = func(*args, **kwargs)
File "C:\Users\ruchikabhat\AppData\Roaming\Python\Python39\site-packages\pyquil\api_qvm.py", line 441, in init
self.connect()
File "C:\Users\ruchikabhat\AppData\Roaming\Python\Python39\site-packages\pyquil\api_qvm.py", line 445, in connect
version = self.get_version_info()
File "C:\Users\ruchikabhat\AppData\Roaming\Python\Python39\site-packages\pyquil\api_error_reporting.py", line 243, in wrapper
val = func(*args, **kwargs)
File "C:\Users\ruchikabhat\AppData\Roaming\Python\Python39\site-packages\pyquil\api_qvm.py", line 457, in get_version_info
return self._qvm_client.get_version()
File "C:\Users\ruchikabhat\AppData\Roaming\Python\Python39\site-packages\pyquil\api_qvm_client.py", line 176, in get_version
return self._post_json({"type": "version"}).text.split()[0]
File "C:\Users\ruchikabhat\AppData\Roaming\Python\Python39\site-packages\pyquil\api_qvm_client.py", line 259, in _post_json
response = http.post("/", json=json)
File "C:\Users\ruchikabhat\AppData\Roaming\Python\Python39\site-packages\httpx_client.py", line 985, in post
return self.request(
File "C:\Users\ruchikabhat\AppData\Roaming\Python\Python39\site-packages\httpx_client.py", line 721, in request
return self.send(
File "C:\Users\ruchikabhat\AppData\Roaming\Python\Python39\site-packages\httpx_client.py", line 753, in send
response = self._send_handling_auth(
File "C:\Users\ruchikabhat\AppData\Roaming\Python\Python39\site-packages\httpx_client.py", line 791, in _send_handling_auth
response = self._send_handling_redirects(
File "C:\Users\ruchikabhat\AppData\Roaming\Python\Python39\site-packages\httpx_client.py", line 823, in _send_handling_redirects
response = self._send_single_request(request, timeout)
File "C:\Users\ruchikabhat\AppData\Roaming\Python\Python39\site-packages\httpx_client.py", line 854, in _send_single_request
(status_code, headers, stream, ext) = transport.request(
File "C:\Users\ruchikabhat\AppData\Local\Programs\Python\Python39\lib\contextlib.py", line 135, in exit
self.gen.throw(type, value, traceback)
File "C:\Users\ruchikabhat\AppData\Roaming\Python\Python39\site-packages\httpx_exceptions.py", line 356, in map_exceptions
raise mapped_exc(message, **kwargs) from exc  # type: ignore
httpx.ConnectError: [WinError 10061] No connection could be made because the target machine actively refused it
Process finished with exit code 1
Please guide how to correct this error.
P.S. I have installed on the PyCharm these modules: pyquil, qvm and quilc
Looking forward to some help and guidance.
Regards,
Ankur
Hi Ankur,
Is your QVM running? You can run QVM either directly as described here in the pyQuil docs or in docker as described in the QVM Readme. Once the QVM is running locally, your script should work. Feel free to re-open this if that's not the case.
