Operating System: Windows 10
Python version: 3.7.4
I tried to install SQNomad with pip. It is giving below error.
C:\IPMBOLT\Platform\oct-dist\Python37>python -m pip install SQNomad
Collecting SQNomad
Using cached SQNomad-0.2.3.tar.gz (455 kB)
Installing build dependencies ... done
Getting requirements to build wheel ... done
Preparing wheel metadata ... done
Requirement already satisfied: SQCommon in c:\ipmbolt\platform\oct-dist\python37\lib\site-packages (from SQNomad) (0.3.2)
Requirement already satisfied: numpy in c:\ipmbolt\platform\oct-dist\python37\lib\site-packages (from SQNomad) (1.17.1+mkl)
Building wheels for collected packages: SQNomad
Building wheel for SQNomad (PEP 517) ... error
ERROR: Command errored out with exit status 1:
command: 'C:\IPMBOLT\Platform\oct-dist\Python37\python.exe' 'C:\IPMBOLT\Platform\oct-dist\Python37\lib\site-packages\pip_vendor\pep517_in_process.py' build_wheel 'C:\Users\pentipra\AppData\Local\Temp\tmp6j8mtzgw'
cwd: C:\Users\pentipra\AppData\Local\Temp\pip-install-f9rjvq59\sqnomad_f7171878c0cf4f298ae72dccd1254df5
Complete output (143 lines):
running bdist_wheel
running build
running config_cc
unifing config_cc, config, build_clib, build_ext, build commands --compiler options
running config_fc
running build_src
running build_py
creating build
creating build\lib.win-amd64-3.7
creating build\lib.win-amd64-3.7\SQNomad
copying python\SQNomad_nomad.py -> build\lib.win-amd64-3.7\SQNomad
copying python\SQNomad_version.py -> build\lib.win-amd64-3.7\SQNomad
copying python\SQNomad_init_.py -> build\lib.win-amd64-3.7\SQNomad
running build_ext
No module named 'numpy.distutils._msvccompiler' in numpy.distutils; trying from distutils
customize MSVCCompiler
customize MSVCCompiler using my_build_extension
CCompilerOpt.cc_test_flags[999] : testing flags (/O2)
creating C:\Users\pentipra\AppData\Local\Temp\tmpgazn7idg\Users
creating C:\Users\pentipra\AppData\Local\Temp\tmpgazn7idg\Users\pentipra
creating C:\Users\pentipra\AppData\Local\Temp\tmpgazn7idg\Users\pentipra\AppData
creating C:\Users\pentipra\AppData\Local\Temp\tmpgazn7idg\Users\pentipra\AppData\Local
creating C:\Users\pentipra\AppData\Local\Temp\tmpgazn7idg\Users\pentipra\AppData\Local\Temp
creating C:\Users\pentipra\AppData\Local\Temp\tmpgazn7idg\Users\pentipra\AppData\Local\Temp\pip-build-env-w4wehrr6
creating C:\Users\pentipra\AppData\Local\Temp\tmpgazn7idg\Users\pentipra\AppData\Local\Temp\pip-build-env-w4wehrr6\overlay
creating C:\Users\pentipra\AppData\Local\Temp\tmpgazn7idg\Users\pentipra\AppData\Local\Temp\pip-build-env-w4wehrr6\overlay\Lib
creating C:\Users\pentipra\AppData\Local\Temp\tmpgazn7idg\Users\pentipra\AppData\Local\Temp\pip-build-env-w4wehrr6\overlay\Lib\site-packages
creating C:\Users\pentipra\AppData\Local\Temp\tmpgazn7idg\Users\pentipra\AppData\Local\Temp\pip-build-env-w4wehrr6\overlay\Lib\site-packages\numpy
creating C:\Users\pentipra\AppData\Local\Temp\tmpgazn7idg\Users\pentipra\AppData\Local\Temp\pip-build-env-w4wehrr6\overlay\Lib\site-packages\numpy\distutils
creating C:\Users\pentipra\AppData\Local\Temp\tmpgazn7idg\Users\pentipra\AppData\Local\Temp\pip-build-env-w4wehrr6\overlay\Lib\site-packages\numpy\distutils\checks
CCompilerOpt.cc_test_flags[999] : testing flags (/WX)
CCompilerOpt.init[1147] : feature 'AVX512_KNL' is disabled, MSVC compiler doesn't support it
CCompilerOpt.init[1147] : feature 'AVX512_KNM' is disabled, MSVC compiler doesn't support it
CCompilerOpt.init[1674] : check requested baseline
CCompilerOpt.cc_test_flags[999] : testing flags (/arch:SSE)
CCompilerOpt.dist_test[576] : CCompilerOpt._dist_test_spawn[701] : Flags in command (C:\Program Files (x86)\Microsoft Visual Studio\2019\BuildTools\VC\Tools\MSVC\14.28.29910\bin\HostX86\x64\cl.exe /c /nologo /Ox /W3 /GL /DNDEBUG /MD -IC:\IPMBOLT\Platform\oct-dist\Python37\include -IC:\IPMBOLT\Platform\oct-dist\Python37\include -IC:\Program Files (x86)\Microsoft Visual Studio\2019\BuildTools\VC\Tools\MSVC\14.28.29910\include /TcC:\Users\pentipra\AppData\Local\Temp\pip-build-env-w4wehrr6\overlay\Lib\site-packages\numpy\distutils\checks\test_flags.c /FoC:\Users\pentipra\AppData\Local\Temp\tmpgazn7idg\Users\pentipra\AppData\Local\Temp\pip-build-env-w4wehrr6\overlay\Lib\site-packages\numpy\distutils\checks\test_flags.obj /arch:SSE) aren't supported by the compiler, output ->
cl : Command line warning D9002 : ignoring unknown option '/arch:SSE'
test_flags.c
CCompilerOpt.cc_test_flags[1003] : testing failed
CCompilerOpt.cc_test_flags[999] : testing flags (/arch:SSE2)
CCompilerOpt.dist_test[576] : CCompilerOpt._dist_test_spawn[701] : Flags in command (C:\Program Files (x86)\Microsoft Visual Studio\2019\BuildTools\VC\Tools\MSVC\14.28.29910\bin\HostX86\x64\cl.exe /c /nologo /Ox /W3 /GL /DNDEBUG /MD -IC:\IPMBOLT\Platform\oct-dist\Python37\include -IC:\IPMBOLT\Platform\oct-dist\Python37\include -IC:\Program Files (x86)\Microsoft Visual Studio\2019\BuildTools\VC\Tools\MSVC\14.28.29910\include /TcC:\Users\pentipra\AppData\Local\Temp\pip-build-env-w4wehrr6\overlay\Lib\site-packages\numpy\distutils\checks\test_flags.c /FoC:\Users\pentipra\AppData\Local\Temp\tmpgazn7idg\Users\pentipra\AppData\Local\Temp\pip-build-env-w4wehrr6\overlay\Lib\site-packages\numpy\distutils\checks\test_flags.obj /arch:SSE2) aren't supported by the compiler, output ->
cl : Command line warning D9002 : ignoring unknown option '/arch:SSE2'
test_flags.c
CCompilerOpt.cc_test_flags[1003] : testing failed
CCompilerOpt.feature_test[1446] : testing feature 'SSE2' with flags ()
CCompilerOpt.dist_test[576] : CCompilerOpt._dist_test_spawn[713] : Command (C:\Program Files (x86)\Microsoft Visual Studio\2019\BuildTools\VC\Tools\MSVC\14.28.29910\bin\HostX86\x64\cl.exe /c /nologo /Ox /W3 /GL /DNDEBUG /MD -IC:\IPMBOLT\Platform\oct-dist\Python37\include -IC:\IPMBOLT\Platform\oct-dist\Python37\include -IC:\Program Files (x86)\Microsoft Visual Studio\2019\BuildTools\VC\Tools\MSVC\14.28.29910\include /TcC:\Users\pentipra\AppData\Local\Temp\pip-build-env-w4wehrr6\overlay\Lib\site-packages\numpy\distutils\checks\cpu_sse2.c /FoC:\Users\pentipra\AppData\Local\Temp\tmpgazn7idg\Users\pentipra\AppData\Local\Temp\pip-build-env-w4wehrr6\overlay\Lib\site-packages\numpy\distutils\checks\cpu_sse2.obj /WX) failed with exit status 2 output ->
cpu_sse2.c
C:\Program Files (x86)\Microsoft Visual Studio\2019\BuildTools\VC\Tools\MSVC\14.28.29910\include\xmmintrin.h(75): fatal error C1083: Cannot open include file: 'malloc.h': No such file or directory
CCompilerOpt.feature_test[1458] : testing failed
CCompilerOpt.feature_test[1446] : testing feature 'SSE' with flags ()
CCompilerOpt.dist_test[576] : CCompilerOpt._dist_test_spawn[713] : Command (C:\Program Files (x86)\Microsoft Visual Studio\2019\BuildTools\VC\Tools\MSVC\14.28.29910\bin\HostX86\x64\cl.exe /c /nologo /Ox /W3 /GL /DNDEBUG /MD -IC:\IPMBOLT\Platform\oct-dist\Python37\include -IC:\IPMBOLT\Platform\oct-dist\Python37\include -IC:\Program Files (x86)\Microsoft Visual Studio\2019\BuildTools\VC\Tools\MSVC\14.28.29910\include /TcC:\Users\pentipra\AppData\Local\Temp\pip-build-env-w4wehrr6\overlay\Lib\site-packages\numpy\distutils\checks\cpu_sse.c /FoC:\Users\pentipra\AppData\Local\Temp\tmpgazn7idg\Users\pentipra\AppData\Local\Temp\pip-build-env-w4wehrr6\overlay\Lib\site-packages\numpy\distutils\checks\cpu_sse.obj /WX) failed with exit status 2 output ->
cpu_sse.c
C:\Program Files (x86)\Microsoft Visual Studio\2019\BuildTools\VC\Tools\MSVC\14.28.29910\include\xmmintrin.h(75): fatal error C1083: Cannot open include file: 'malloc.h': No such file or directory
CCompilerOpt.feature_test[1458] : testing failed
CCompilerOpt.init[1683] : check requested dispatch-able features
CCompilerOpt.cc_test_flags[999] : testing flags (/arch:AVX)
CCompilerOpt.cc_test_flags[999] : testing flags (/arch:AVX2)
CCompilerOpt.feature_test[1446] : testing feature 'AVX2' with flags (/arch:AVX2)
CCompilerOpt.dist_test[576] : CCompilerOpt._dist_test_spawn[713] : Command (C:\Program Files (x86)\Microsoft Visual Studio\2019\BuildTools\VC\Tools\MSVC\14.28.29910\bin\HostX86\x64\cl.exe /c /nologo /Ox /W3 /GL /DNDEBUG /MD -IC:\IPMBOLT\Platform\oct-dist\Python37\include -IC:\IPMBOLT\Platform\oct-dist\Python37\include -IC:\Program Files (x86)\Microsoft Visual Studio\2019\BuildTools\VC\Tools\MSVC\14.28.29910\include /TcC:\Users\pentipra\AppData\Local\Temp\pip-build-env-w4wehrr6\overlay\Lib\site-packages\numpy\distutils\checks\cpu_avx2.c /FoC:\Users\pentipra\AppData\Local\Temp\tmpgazn7idg\Users\pentipra\AppData\Local\Temp\pip-build-env-w4wehrr6\overlay\Lib\site-packages\numpy\distutils\checks\cpu_avx2.obj /arch:AVX2 /WX) failed with exit status 2 output ->
cpu_avx2.c
C:\Program Files (x86)\Microsoft Visual Studio\2019\BuildTools\VC\Tools\MSVC\14.28.29910\include\xmmintrin.h(75): fatal error C1083: Cannot open include file: 'malloc.h': No such file or directory
CCompilerOpt.feature_test[1458] : testing failed
CCompilerOpt.cc_test_flags[999] : testing flags (/arch:AVX512)
CCompilerOpt.feature_test[1446] : testing feature 'AVX512CD' with flags (/arch:AVX512)
CCompilerOpt.dist_test[576] : CCompilerOpt._dist_test_spawn[713] : Command (C:\Program Files (x86)\Microsoft Visual Studio\2019\BuildTools\VC\Tools\MSVC\14.28.29910\bin\HostX86\x64\cl.exe /c /nologo /Ox /W3 /GL /DNDEBUG /MD -IC:\IPMBOLT\Platform\oct-dist\Python37\include -IC:\IPMBOLT\Platform\oct-dist\Python37\include -IC:\Program Files (x86)\Microsoft Visual Studio\2019\BuildTools\VC\Tools\MSVC\14.28.29910\include /TcC:\Users\pentipra\AppData\Local\Temp\pip-build-env-w4wehrr6\overlay\Lib\site-packages\numpy\distutils\checks\cpu_avx512cd.c /FoC:\Users\pentipra\AppData\Local\Temp\tmpgazn7idg\Users\pentipra\AppData\Local\Temp\pip-build-env-w4wehrr6\overlay\Lib\site-packages\numpy\distutils\checks\cpu_avx512cd.obj /arch:AVX512 /WX) failed with exit status 2 output ->
cpu_avx512cd.c
C:\Program Files (x86)\Microsoft Visual Studio\2019\BuildTools\VC\Tools\MSVC\14.28.29910\include\xmmintrin.h(75): fatal error C1083: Cannot open include file: 'malloc.h': No such file or directory
CCompilerOpt.feature_test[1458] : testing failed
CCompilerOpt.feature_test[1446] : testing feature 'SSE42' with flags ()
CCompilerOpt.dist_test[576] : CCompilerOpt._dist_test_spawn[713] : Command (C:\Program Files (x86)\Microsoft Visual Studio\2019\BuildTools\VC\Tools\MSVC\14.28.29910\bin\HostX86\x64\cl.exe /c /nologo /Ox /W3 /GL /DNDEBUG /MD -IC:\IPMBOLT\Platform\oct-dist\Python37\include -IC:\IPMBOLT\Platform\oct-dist\Python37\include -IC:\Program Files (x86)\Microsoft Visual Studio\2019\BuildTools\VC\Tools\MSVC\14.28.29910\include /TcC:\Users\pentipra\AppData\Local\Temp\pip-build-env-w4wehrr6\overlay\Lib\site-packages\numpy\distutils\checks\cpu_sse42.c /FoC:\Users\pentipra\AppData\Local\Temp\tmpgazn7idg\Users\pentipra\AppData\Local\Temp\pip-build-env-w4wehrr6\overlay\Lib\site-packages\numpy\distutils\checks\cpu_sse42.obj /WX) failed with exit status 2 output ->
cpu_sse42.c
C:\Program Files (x86)\Microsoft Visual Studio\2019\BuildTools\VC\Tools\MSVC\14.28.29910\include\xmmintrin.h(75): fatal error C1083: Cannot open include file: 'malloc.h': No such file or directory
CCompilerOpt.feature_test[1458] : testing failed
CCompilerOpt.feature_test[1446] : testing feature 'AVX512_CLX' with flags (/arch:AVX512)
CCompilerOpt.dist_test[576] : CCompilerOpt._dist_test_spawn[713] : Command (C:\Program Files (x86)\Microsoft Visual Studio\2019\BuildTools\VC\Tools\MSVC\14.28.29910\bin\HostX86\x64\cl.exe /c /nologo /Ox /W3 /GL /DNDEBUG /MD -IC:\IPMBOLT\Platform\oct-dist\Python37\include -IC:\IPMBOLT\Platform\oct-dist\Python37\include -IC:\Program Files (x86)\Microsoft Visual Studio\2019\BuildTools\VC\Tools\MSVC\14.28.29910\include /TcC:\Users\pentipra\AppData\Local\Temp\pip-build-env-w4wehrr6\overlay\Lib\site-packages\numpy\distutils\checks\cpu_avx512_clx.c /FoC:\Users\pentipra\AppData\Local\Temp\tmpgazn7idg\Users\pentipra\AppData\Local\Temp\pip-build-env-w4wehrr6\overlay\Lib\site-packages\numpy\distutils\checks\cpu_avx512_clx.obj /arch:AVX512 /WX) failed with exit status 2 output ->
cpu_avx512_clx.c
C:\Program Files (x86)\Microsoft Visual Studio\2019\BuildTools\VC\Tools\MSVC\14.28.29910\include\xmmintrin.h(75): fatal error C1083: Cannot open include file: 'malloc.h': No such file or directory
CCompilerOpt.feature_test[1458] : testing failed
CCompilerOpt.feature_test[1446] : testing feature 'SSE3' with flags ()
CCompilerOpt.dist_test[576] : CCompilerOpt._dist_test_spawn[713] : Command (C:\Program Files (x86)\Microsoft Visual Studio\2019\BuildTools\VC\Tools\MSVC\14.28.29910\bin\HostX86\x64\cl.exe /c /nologo /Ox /W3 /GL /DNDEBUG /MD -IC:\IPMBOLT\Platform\oct-dist\Python37\include -IC:\IPMBOLT\Platform\oct-dist\Python37\include -IC:\Program Files (x86)\Microsoft Visual Studio\2019\BuildTools\VC\Tools\MSVC\14.28.29910\include /TcC:\Users\pentipra\AppData\Local\Temp\pip-build-env-w4wehrr6\overlay\Lib\site-packages\numpy\distutils\checks\cpu_sse3.c /FoC:\Users\pentipra\AppData\Local\Temp\tmpgazn7idg\Users\pentipra\AppData\Local\Temp\pip-build-env-w4wehrr6\overlay\Lib\site-packages\numpy\distutils\checks\cpu_sse3.obj /WX) failed with exit status 2 output ->
cpu_sse3.c
C:\Program Files (x86)\Microsoft Visual Studio\2019\BuildTools\VC\Tools\MSVC\14.28.29910\include\xmmintrin.h(75): fatal error C1083: Cannot open include file: 'malloc.h': No such file or directory
CCompilerOpt.feature_test[1458] : testing failed
CCompilerOpt.init[1699] : initialize targets groups
CCompilerOpt.init[1701] : parse target group simd_test
CCompilerOpt._parse_target_tokens[1912] : skip targets ((AVX2 FMA3) VSX2 VSX3 XOP SSE42 NEON AVX512F VSX FMA4 ASIMD SSE2 AVX512_SKX) not part of baseline or dispatch-able features
CCompilerOpt.generate_dispatch_header[2236] : generate CPU dispatch header: (C:\Users\pentipra\AppData\Local\Temp\src.win-amd64-3.7\numpy\distutils\include\npy_cpu_dispatch_config.h)
Detected changes on compiler optimizations, force rebuilding
No module named 'numpy.distutils._msvccompiler' in numpy.distutils; trying from distutils
customize MSVCCompiler
Missing compiler_cxx fix for MSVCCompiler
customize MSVCCompiler using my_build_extension
building 'libsqnomad' extension
compiling C sources
creating build\temp.win-amd64-3.7\Release\src
creating build\temp.win-amd64-3.7\Release\src\Algos
creating build\temp.win-amd64-3.7\Release\src\Cache
creating build\temp.win-amd64-3.7\Release\src\Eval
creating build\temp.win-amd64-3.7\Release\src\Math
creating build\temp.win-amd64-3.7\Release\src\Output
creating build\temp.win-amd64-3.7\Release\src\Param
creating build\temp.win-amd64-3.7\Release\src\Python
creating build\temp.win-amd64-3.7\Release\src\sgtelib
creating build\temp.win-amd64-3.7\Release\src\Type
creating build\temp.win-amd64-3.7\Release\src\Util
creating build\temp.win-amd64-3.7\Release\src\Algos\LatinHypercubeSampling
creating build\temp.win-amd64-3.7\Release\src\Algos\Mads
creating build\temp.win-amd64-3.7\Release\src\Algos\NelderMead
creating build\temp.win-amd64-3.7\Release\src\Algos\PhaseOne
creating build\temp.win-amd64-3.7\Release\src\Algos\PSDMads
creating build\temp.win-amd64-3.7\Release\src\Algos\QuadModel
creating build\temp.win-amd64-3.7\Release\src\Algos\SgtelibModel
creating build\temp.win-amd64-3.7\Release\src\Algos\SSDMads
C:\Program Files (x86)\Microsoft Visual Studio\2019\BuildTools\VC\Tools\MSVC\14.28.29910\bin\HostX86\x64\cl.exe /c /nologo /Ox /W3 /GL /DNDEBUG /MD -Isrc -IC:\Users\pentipra\AppData\Local\Temp\pip-build-env-w4wehrr6\overlay\Lib\site-packages\numpy\core\include -IC:\Users\pentipra\AppData\Local\Temp\src.win-amd64-3.7\numpy\distutils\include -IC:\IPMBOLT\Platform\oct-dist\Python37\include -IC:\IPMBOLT\Platform\oct-dist\Python37\include -IC:\Program Files (x86)\Microsoft Visual Studio\2019\BuildTools\VC\Tools\MSVC\14.28.29910\include /EHsc /Tpsrc\Algos\Algorithm.cpp /Fobuild\temp.win-amd64-3.7\Release\src\Algos\Algorithm.obj -IC:\Users\pentipra\AppData\Local\Temp\pip-build-env-w4wehrr6\overlay\Lib\site-packages\numpy\core/include/numpy /std:c++14 /DDLL_EXPORTS /Zm1000
Algorithm.cpp
src\Algos\Algorithm.cpp(47): fatal error C1083: Cannot open include file: 'signal.h': No such file or directory
########### EXT COMPILER OPTIMIZATION ###########
Platform      :
Architecture: x64
Compiler    : msvc
CPU baseline  :
Requested   : 'min'
Enabled     : none
Flags       : none
Extra checks: none
ERROR: Failed building wheel for SQNomad
Failed to build SQNomad
ERROR: Could not build wheels for SQNomad which use PEP 517 and cannot be installed directly
Still the same Cannot open include file: 'signal.h': No such file or directory, so standard headers can not be found.
If need be, I can build you a wheel ... Python 3.7 and 64b Windows, right? (I'm not ready to build wheels as a matter of course: rather, I want to split SQNomad up in a pure C++ part and the Python bindings part.)
If you can give me wheel that would be great help. Thank you
Sure, here's one, python37, 64b Windows:
https://cern.ch/wlav/SQNomad-0.2.3-cp37-cp37m-win_amd64.whl
download and use python -m pip install SQNomad-0.2.3-cp37-cp37m-win_amd64.whl; using pip will make sure the the dependencies (numpy and SQCommon) are installed as well.
Thank you wlav. It worked for me
I am working on Amazon Linux 2 AMI. I am not able to install SQNomad. below is the error
pip install SQNomad==0.2.3
Collecting SQNomad==0.2.3
Using cached SQNomad-0.2.3.tar.gz (455 kB)
Installing build dependencies ... done
Getting requirements to build wheel ... done
Preparing wheel metadata ... done
Requirement already satisfied: SQCommon in ./env/lib/python3.7/site-packages (from SQNomad==0.2.3) (0.3.2)
Requirement already satisfied: numpy in ./env/lib/python3.7/site-packages (from SQNomad==0.2.3) (1.20.2)
Building wheels for collected packages: SQNomad
Building wheel for SQNomad (PEP 517) ... error
ERROR: Command errored out with exit status 1:
command: /home/ec2-user/NomadPOC/env/bin/python3 /home/ec2-user/NomadPOC/env/lib64/python3.7/site-packages/pip/_vendor/pep517/_in_process.py build_wheel /tmp/tmpojxsbl1z
cwd: /tmp/pip-install-nipmmf9v/SQNomad
Complete output (216 lines):
running bdist_wheel
running build
running config_cc
unifing config_cc, config, build_clib, build_ext, build commands --compiler options
running config_fc
running build_src
running build_py
creating build
creating build/lib.linux-x86_64-3.7
creating build/lib.linux-x86_64-3.7/SQNomad
copying python/SQNomad/init.py -> build/lib.linux-x86_64-3.7/SQNomad
copying python/SQNomad/_nomad.py -> build/lib.linux-x86_64-3.7/SQNomad
copying python/SQNomad/_version.py -> build/lib.linux-x86_64-3.7/SQNomad
running build_ext
customize UnixCCompiler
customize UnixCCompiler using my_build_extension
CCompilerOpt.cc_test_flags[999] : testing flags (-march=native)
C compiler: gcc -pthread -Wno-unused-result -Wsign-compare -DNDEBUG -O2 -g -pipe -Wall -Wp,-D_FORTIFY_SOURCE=2 -fexceptions -fstack-protector-strong --param=ssp-buffer-size=4 -grecord-gcc-switches -m64 -mtune=generic -D_GNU_SOURCE -fPIC -fwrapv -fPIC
creating /tmp/tmp8vjne3sb/tmp
creating /tmp/tmp8vjne3sb/tmp/pip-build-env-__rkcgpw
creating /tmp/tmp8vjne3sb/tmp/pip-build-env-__rkcgpw/overlay
creating /tmp/tmp8vjne3sb/tmp/pip-build-env-__rkcgpw/overlay/lib64
creating /tmp/tmp8vjne3sb/tmp/pip-build-env-__rkcgpw/overlay/lib64/python3.7
creating /tmp/tmp8vjne3sb/tmp/pip-build-env-__rkcgpw/overlay/lib64/python3.7/site-packages
creating /tmp/tmp8vjne3sb/tmp/pip-build-env-__rkcgpw/overlay/lib64/python3.7/site-packages/numpy
creating /tmp/tmp8vjne3sb/tmp/pip-build-env-__rkcgpw/overlay/lib64/python3.7/site-packages/numpy/distutils
creating /tmp/tmp8vjne3sb/tmp/pip-build-env-__rkcgpw/overlay/lib64/python3.7/site-packages/numpy/distutils/checks
compile options: '-I/home/ec2-user/NomadPOC/env/include -I/usr/include/python3.7m -c'
extra options: '-march=native'
CCompilerOpt.dist_test[576] : CCompilerOpt._dist_test_spawn[713] : Command (gcc -pthread -Wno-unused-result -Wsign-compare -DNDEBUG -O2 -g -pipe -Wall -Wp,-D_FORTIFY_SOURCE=2 -fexceptions -fstack-protector-strong --param=ssp-buffer-size=4 -grecord-gcc-switches -m64 -mtune=generic -D_GNU_SOURCE -fPIC -fwrapv -fPIC -I/home/ec2-user/NomadPOC/env/include -I/usr/include/python3.7m -c /tmp/pip-build-env-__rkcgpw/overlay/lib64/python3.7/site-packages/numpy/distutils/checks/test_flags.c -o /tmp/tmp8vjne3sb/tmp/pip-build-env-__rkcgpw/overlay/lib64/python3.7/site-packages/numpy/distutils/checks/test_flags.o -MMD -MF /tmp/tmp8vjne3sb/tmp/pip-build-env-__rkcgpw/overlay/lib64/python3.7/site-packages/numpy/distutils/checks/test_flags.o.d -march=native) failed with exit status 127 output ->
b''
CCompilerOpt.cc_test_flags[1003] : testing failed
CCompilerOpt.cc_test_flags[999] : testing flags (-O3)
C compiler: gcc -pthread -Wno-unused-result -Wsign-compare -DNDEBUG -O2 -g -pipe -Wall -Wp,-D_FORTIFY_SOURCE=2 -fexceptions -fstack-protector-strong --param=ssp-buffer-size=4 -grecord-gcc-switches -m64 -mtune=generic -D_GNU_SOURCE -fPIC -fwrapv -fPIC
compile options: '-I/home/ec2-user/NomadPOC/env/include -I/usr/include/python3.7m -c'
extra options: '-O3'
CCompilerOpt.dist_test[576] : CCompilerOpt._dist_test_spawn[713] : Command (gcc -pthread -Wno-unused-result -Wsign-compare -DNDEBUG -O2 -g -pipe -Wall -Wp,-D_FORTIFY_SOURCE=2 -fexceptions -fstack-protector-strong --param=ssp-buffer-size=4 -grecord-gcc-switches -m64 -mtune=generic -D_GNU_SOURCE -fPIC -fwrapv -fPIC -I/home/ec2-user/NomadPOC/env/include -I/usr/include/python3.7m -c /tmp/pip-build-env-__rkcgpw/overlay/lib64/python3.7/site-packages/numpy/distutils/checks/test_flags.c -o /tmp/tmp8vjne3sb/tmp/pip-build-env-__rkcgpw/overlay/lib64/python3.7/site-packages/numpy/distutils/checks/test_flags.o -MMD -MF /tmp/tmp8vjne3sb/tmp/pip-build-env-__rkcgpw/overlay/lib64/python3.7/site-packages/numpy/distutils/checks/test_flags.o.d -O3) failed with exit status 127 output ->
b''
CCompilerOpt.cc_test_flags[1003] : testing failed
CCompilerOpt.cc_test_flags[999] : testing flags (-Werror)
C compiler: gcc -pthread -Wno-unused-result -Wsign-compare -DNDEBUG -O2 -g -pipe -Wall -Wp,-D_FORTIFY_SOURCE=2 -fexceptions -fstack-protector-strong --param=ssp-buffer-size=4 -grecord-gcc-switches -m64 -mtune=generic -D_GNU_SOURCE -fPIC -fwrapv -fPIC
compile options: '-I/home/ec2-user/NomadPOC/env/include -I/usr/include/python3.7m -c'
extra options: '-Werror'
CCompilerOpt.dist_test[576] : CCompilerOpt._dist_test_spawn[713] : Command (gcc -pthread -Wno-unused-result -Wsign-compare -DNDEBUG -O2 -g -pipe -Wall -Wp,-D_FORTIFY_SOURCE=2 -fexceptions -fstack-protector-strong --param=ssp-buffer-size=4 -grecord-gcc-switches -m64 -mtune=generic -D_GNU_SOURCE -fPIC -fwrapv -fPIC -I/home/ec2-user/NomadPOC/env/include -I/usr/include/python3.7m -c /tmp/pip-build-env-__rkcgpw/overlay/lib64/python3.7/site-packages/numpy/distutils/checks/test_flags.c -o /tmp/tmp8vjne3sb/tmp/pip-build-env-__rkcgpw/overlay/lib64/python3.7/site-packages/numpy/distutils/checks/test_flags.o -MMD -MF /tmp/tmp8vjne3sb/tmp/pip-build-env-__rkcgpw/overlay/lib64/python3.7/site-packages/numpy/distutils/checks/test_flags.o.d -Werror) failed with exit status 127 output ->
b''
CCompilerOpt.cc_test_flags[1003] : testing failed
CCompilerOpt.init[1674] : check requested baseline
CCompilerOpt.cc_test_flags[999] : testing flags (-msse)
C compiler: gcc -pthread -Wno-unused-result -Wsign-compare -DNDEBUG -O2 -g -pipe -Wall -Wp,-D_FORTIFY_SOURCE=2 -fexceptions -fstack-protector-strong --param=ssp-buffer-size=4 -grecord-gcc-switches -m64 -mtune=generic -D_GNU_SOURCE -fPIC -fwrapv -fPIC
compile options: '-I/home/ec2-user/NomadPOC/env/include -I/usr/include/python3.7m -c'
extra options: '-msse'
CCompilerOpt.dist_test[576] : CCompilerOpt._dist_test_spawn[713] : Command (gcc -pthread -Wno-unused-result -Wsign-compare -DNDEBUG -O2 -g -pipe -Wall -Wp,-D_FORTIFY_SOURCE=2 -fexceptions -fstack-protector-strong --param=ssp-buffer-size=4 -grecord-gcc-switches -m64 -mtune=generic -D_GNU_SOURCE -fPIC -fwrapv -fPIC -I/home/ec2-user/NomadPOC/env/include -I/usr/include/python3.7m -c /tmp/pip-build-env-__rkcgpw/overlay/lib64/python3.7/site-packages/numpy/distutils/checks/test_flags.c -o /tmp/tmp8vjne3sb/tmp/pip-build-env-__rkcgpw/overlay/lib64/python3.7/site-packages/numpy/distutils/checks/test_flags.o -MMD -MF /tmp/tmp8vjne3sb/tmp/pip-build-env-__rkcgpw/overlay/lib64/python3.7/site-packages/numpy/distutils/checks/test_flags.o.d -msse) failed with exit status 127 output ->
b''
CCompilerOpt.cc_test_flags[1003] : testing failed
CCompilerOpt.cc_test_flags[999] : testing flags (-msse2)
C compiler: gcc -pthread -Wno-unused-result -Wsign-compare -DNDEBUG -O2 -g -pipe -Wall -Wp,-D_FORTIFY_SOURCE=2 -fexceptions -fstack-protector-strong --param=ssp-buffer-size=4 -grecord-gcc-switches -m64 -mtune=generic -D_GNU_SOURCE -fPIC -fwrapv -fPIC
compile options: '-I/home/ec2-user/NomadPOC/env/include -I/usr/include/python3.7m -c'
extra options: '-msse2'
CCompilerOpt.dist_test[576] : CCompilerOpt._dist_test_spawn[713] : Command (gcc -pthread -Wno-unused-result -Wsign-compare -DNDEBUG -O2 -g -pipe -Wall -Wp,-D_FORTIFY_SOURCE=2 -fexceptions -fstack-protector-strong --param=ssp-buffer-size=4 -grecord-gcc-switches -m64 -mtune=generic -D_GNU_SOURCE -fPIC -fwrapv -fPIC -I/home/ec2-user/NomadPOC/env/include -I/usr/include/python3.7m -c /tmp/pip-build-env-__rkcgpw/overlay/lib64/python3.7/site-packages/numpy/distutils/checks/test_flags.c -o /tmp/tmp8vjne3sb/tmp/pip-build-env-__rkcgpw/overlay/lib64/python3.7/site-packages/numpy/distutils/checks/test_flags.o -MMD -MF /tmp/tmp8vjne3sb/tmp/pip-build-env-__rkcgpw/overlay/lib64/python3.7/site-packages/numpy/distutils/checks/test_flags.o.d -msse2) failed with exit status 127 output ->
b''
CCompilerOpt.cc_test_flags[1003] : testing failed
CCompilerOpt.feature_test[1446] : testing feature 'SSE' with flags ()
C compiler: gcc -pthread -Wno-unused-result -Wsign-compare -DNDEBUG -O2 -g -pipe -Wall -Wp,-D_FORTIFY_SOURCE=2 -fexceptions -fstack-protector-strong --param=ssp-buffer-size=4 -grecord-gcc-switches -m64 -mtune=generic -D_GNU_SOURCE -fPIC -fwrapv -fPIC
compile options: '-I/home/ec2-user/NomadPOC/env/include -I/usr/include/python3.7m -c'
CCompilerOpt.dist_test[576] : CCompilerOpt._dist_test_spawn[713] : Command (gcc -pthread -Wno-unused-result -Wsign-compare -DNDEBUG -O2 -g -pipe -Wall -Wp,-D_FORTIFY_SOURCE=2 -fexceptions -fstack-protector-strong --param=ssp-buffer-size=4 -grecord-gcc-switches -m64 -mtune=generic -D_GNU_SOURCE -fPIC -fwrapv -fPIC -I/home/ec2-user/NomadPOC/env/include -I/usr/include/python3.7m -c /tmp/pip-build-env-__rkcgpw/overlay/lib64/python3.7/site-packages/numpy/distutils/checks/cpu_sse.c -o /tmp/tmp8vjne3sb/tmp/pip-build-env-__rkcgpw/overlay/lib64/python3.7/site-packages/numpy/distutils/checks/cpu_sse.o -MMD -MF /tmp/tmp8vjne3sb/tmp/pip-build-env-__rkcgpw/overlay/lib64/python3.7/site-packages/numpy/distutils/checks/cpu_sse.o.d) failed with exit status 127 output ->
b''
CCompilerOpt.feature_test[1458] : testing failed
CCompilerOpt.feature_test[1446] : testing feature 'SSE2' with flags ()
C compiler: gcc -pthread -Wno-unused-result -Wsign-compare -DNDEBUG -O2 -g -pipe -Wall -Wp,-D_FORTIFY_SOURCE=2 -fexceptions -fstack-protector-strong --param=ssp-buffer-size=4 -grecord-gcc-switches -m64 -mtune=generic -D_GNU_SOURCE -fPIC -fwrapv -fPIC
compile options: '-I/home/ec2-user/NomadPOC/env/include -I/usr/include/python3.7m -c'
CCompilerOpt.dist_test[576] : CCompilerOpt._dist_test_spawn[713] : Command (gcc -pthread -Wno-unused-result -Wsign-compare -DNDEBUG -O2 -g -pipe -Wall -Wp,-D_FORTIFY_SOURCE=2 -fexceptions -fstack-protector-strong --param=ssp-buffer-size=4 -grecord-gcc-switches -m64 -mtune=generic -D_GNU_SOURCE -fPIC -fwrapv -fPIC -I/home/ec2-user/NomadPOC/env/include -I/usr/include/python3.7m -c /tmp/pip-build-env-__rkcgpw/overlay/lib64/python3.7/site-packages/numpy/distutils/checks/cpu_sse2.c -o /tmp/tmp8vjne3sb/tmp/pip-build-env-__rkcgpw/overlay/lib64/python3.7/site-packages/numpy/distutils/checks/cpu_sse2.o -MMD -MF /tmp/tmp8vjne3sb/tmp/pip-build-env-__rkcgpw/overlay/lib64/python3.7/site-packages/numpy/distutils/checks/cpu_sse2.o.d) failed with exit status 127 output ->
b''
CCompilerOpt.feature_test[1458] : testing failed
CCompilerOpt.init[1683] : check requested dispatch-able features
CCompilerOpt.cc_test_flags[999] : testing flags (-msse3)
C compiler: gcc -pthread -Wno-unused-result -Wsign-compare -DNDEBUG -O2 -g -pipe -Wall -Wp,-D_FORTIFY_SOURCE=2 -fexceptions -fstack-protector-strong --param=ssp-buffer-size=4 -grecord-gcc-switches -m64 -mtune=generic -D_GNU_SOURCE -fPIC -fwrapv -fPIC
compile options: '-I/home/ec2-user/NomadPOC/env/include -I/usr/include/python3.7m -c'
extra options: '-msse3'
CCompilerOpt.dist_test[576] : CCompilerOpt._dist_test_spawn[713] : Command (gcc -pthread -Wno-unused-result -Wsign-compare -DNDEBUG -O2 -g -pipe -Wall -Wp,-D_FORTIFY_SOURCE=2 -fexceptions -fstack-protector-strong --param=ssp-buffer-size=4 -grecord-gcc-switches -m64 -mtune=generic -D_GNU_SOURCE -fPIC -fwrapv -fPIC -I/home/ec2-user/NomadPOC/env/include -I/usr/include/python3.7m -c /tmp/pip-build-env-__rkcgpw/overlay/lib64/python3.7/site-packages/numpy/distutils/checks/test_flags.c -o /tmp/tmp8vjne3sb/tmp/pip-build-env-__rkcgpw/overlay/lib64/python3.7/site-packages/numpy/distutils/checks/test_flags.o -MMD -MF /tmp/tmp8vjne3sb/tmp/pip-build-env-__rkcgpw/overlay/lib64/python3.7/site-packages/numpy/distutils/checks/test_flags.o.d -msse3) failed with exit status 127 output ->
b''
CCompilerOpt.cc_test_flags[1003] : testing failed
CCompilerOpt.cc_test_flags[999] : testing flags (-mssse3)
C compiler: gcc -pthread -Wno-unused-result -Wsign-compare -DNDEBUG -O2 -g -pipe -Wall -Wp,-D_FORTIFY_SOURCE=2 -fexceptions -fstack-protector-strong --param=ssp-buffer-size=4 -grecord-gcc-switches -m64 -mtune=generic -D_GNU_SOURCE -fPIC -fwrapv -fPIC
compile options: '-I/home/ec2-user/NomadPOC/env/include -I/usr/include/python3.7m -c'
extra options: '-mssse3'
CCompilerOpt.dist_test[576] : CCompilerOpt._dist_test_spawn[713] : Command (gcc -pthread -Wno-unused-result -Wsign-compare -DNDEBUG -O2 -g -pipe -Wall -Wp,-D_FORTIFY_SOURCE=2 -fexceptions -fstack-protector-strong --param=ssp-buffer-size=4 -grecord-gcc-switches -m64 -mtune=generic -D_GNU_SOURCE -fPIC -fwrapv -fPIC -I/home/ec2-user/NomadPOC/env/include -I/usr/include/python3.7m -c /tmp/pip-build-env-__rkcgpw/overlay/lib64/python3.7/site-packages/numpy/distutils/checks/test_flags.c -o /tmp/tmp8vjne3sb/tmp/pip-build-env-__rkcgpw/overlay/lib64/python3.7/site-packages/numpy/distutils/checks/test_flags.o -MMD -MF /tmp/tmp8vjne3sb/tmp/pip-build-env-__rkcgpw/overlay/lib64/python3.7/site-packages/numpy/distutils/checks/test_flags.o.d -mssse3) failed with exit status 127 output ->
b''
CCompilerOpt.cc_test_flags[1003] : testing failed
CCompilerOpt.cc_test_flags[999] : testing flags (-msse4.1)
C compiler: gcc -pthread -Wno-unused-result -Wsign-compare -DNDEBUG -O2 -g -pipe -Wall -Wp,-D_FORTIFY_SOURCE=2 -fexceptions -fstack-protector-strong --param=ssp-buffer-size=4 -grecord-gcc-switches -m64 -mtune=generic -D_GNU_SOURCE -fPIC -fwrapv -fPIC
compile options: '-I/home/ec2-user/NomadPOC/env/include -I/usr/include/python3.7m -c'
extra options: '-msse4.1'
CCompilerOpt.dist_test[576] : CCompilerOpt._dist_test_spawn[713] : Command (gcc -pthread -Wno-unused-result -Wsign-compare -DNDEBUG -O2 -g -pipe -Wall -Wp,-D_FORTIFY_SOURCE=2 -fexceptions -fstack-protector-strong --param=ssp-buffer-size=4 -grecord-gcc-switches -m64 -mtune=generic -D_GNU_SOURCE -fPIC -fwrapv -fPIC -I/home/ec2-user/NomadPOC/env/include -I/usr/include/python3.7m -c /tmp/pip-build-env-__rkcgpw/overlay/lib64/python3.7/site-packages/numpy/distutils/checks/test_flags.c -o /tmp/tmp8vjne3sb/tmp/pip-build-env-__rkcgpw/overlay/lib64/python3.7/site-packages/numpy/distutils/checks/test_flags.o -MMD -MF /tmp/tmp8vjne3sb/tmp/pip-build-env-__rkcgpw/overlay/lib64/python3.7/site-packages/numpy/distutils/checks/test_flags.o.d -msse4.1) failed with exit status 127 output ->
b''
CCompilerOpt.cc_test_flags[1003] : testing failed
CCompilerOpt.cc_test_flags[999] : testing flags (-mpopcnt)
C compiler: gcc -pthread -Wno-unused-result -Wsign-compare -DNDEBUG -O2 -g -pipe -Wall -Wp,-D_FORTIFY_SOURCE=2 -fexceptions -fstack-protector-strong --param=ssp-buffer-size=4 -grecord-gcc-switches -m64 -mtune=generic -D_GNU_SOURCE -fPIC -fwrapv -fPIC
compile options: '-I/home/ec2-user/NomadPOC/env/include -I/usr/include/python3.7m -c'
extra options: '-mpopcnt'
CCompilerOpt.dist_test[576] : CCompilerOpt._dist_test_spawn[713] : Command (gcc -pthread -Wno-unused-result -Wsign-compare -DNDEBUG -O2 -g -pipe -Wall -Wp,-D_FORTIFY_SOURCE=2 -fexceptions -fstack-protector-strong --param=ssp-buffer-size=4 -grecord-gcc-switches -m64 -mtune=generic -D_GNU_SOURCE -fPIC -fwrapv -fPIC -I/home/ec2-user/NomadPOC/env/include -I/usr/include/python3.7m -c /tmp/pip-build-env-__rkcgpw/overlay/lib64/python3.7/site-packages/numpy/distutils/checks/test_flags.c -o /tmp/tmp8vjne3sb/tmp/pip-build-env-__rkcgpw/overlay/lib64/python3.7/site-packages/numpy/distutils/checks/test_flags.o -MMD -MF /tmp/tmp8vjne3sb/tmp/pip-build-env-__rkcgpw/overlay/lib64/python3.7/site-packages/numpy/distutils/checks/test_flags.o.d -mpopcnt) failed with exit status 127 output ->
b''
CCompilerOpt.cc_test_flags[1003] : testing failed
CCompilerOpt.feature_test[1446] : testing feature 'POPCNT' with flags ()
C compiler: gcc -pthread -Wno-unused-result -Wsign-compare -DNDEBUG -O2 -g -pipe -Wall -Wp,-D_FORTIFY_SOURCE=2 -fexceptions -fstack-protector-strong --param=ssp-buffer-size=4 -grecord-gcc-switches -m64 -mtune=generic -D_GNU_SOURCE -fPIC -fwrapv -fPIC
compile options: '-I/home/ec2-user/NomadPOC/env/include -I/usr/include/python3.7m -c'
CCompilerOpt.dist_test[576] : CCompilerOpt._dist_test_spawn[713] : Command (gcc -pthread -Wno-unused-result -Wsign-compare -DNDEBUG -O2 -g -pipe -Wall -Wp,-D_FORTIFY_SOURCE=2 -fexceptions -fstack-protector-strong --param=ssp-buffer-size=4 -grecord-gcc-switches -m64 -mtune=generic -D_GNU_SOURCE -fPIC -fwrapv -fPIC -I/home/ec2-user/NomadPOC/env/include -I/usr/include/python3.7m -c /tmp/pip-build-env-__rkcgpw/overlay/lib64/python3.7/site-packages/numpy/distutils/checks/cpu_popcnt.c -o /tmp/tmp8vjne3sb/tmp/pip-build-env-__rkcgpw/overlay/lib64/python3.7/site-packages/numpy/distutils/checks/cpu_popcnt.o -MMD -MF /tmp/tmp8vjne3sb/tmp/pip-build-env-__rkcgpw/overlay/lib64/python3.7/site-packages/numpy/distutils/checks/cpu_popcnt.o.d) failed with exit status 127 output ->
b''
CCompilerOpt.feature_test[1458] : testing failed
CCompilerOpt.cc_test_flags[999] : testing flags (-msse4.2)
C compiler: gcc -pthread -Wno-unused-result -Wsign-compare -DNDEBUG -O2 -g -pipe -Wall -Wp,-D_FORTIFY_SOURCE=2 -fexceptions -fstack-protector-strong --param=ssp-buffer-size=4 -grecord-gcc-switches -m64 -mtune=generic -D_GNU_SOURCE -fPIC -fwrapv -fPIC
compile options: '-I/home/ec2-user/NomadPOC/env/include -I/usr/include/python3.7m -c'
extra options: '-msse4.2'
CCompilerOpt.dist_test[576] : CCompilerOpt._dist_test_spawn[713] : Command (gcc -pthread -Wno-unused-result -Wsign-compare -DNDEBUG -O2 -g -pipe -Wall -Wp,-D_FORTIFY_SOURCE=2 -fexceptions -fstack-protector-strong --param=ssp-buffer-size=4 -grecord-gcc-switches -m64 -mtune=generic -D_GNU_SOURCE -fPIC -fwrapv -fPIC -I/home/ec2-user/NomadPOC/env/include -I/usr/include/python3.7m -c /tmp/pip-build-env-__rkcgpw/overlay/lib64/python3.7/site-packages/numpy/distutils/checks/test_flags.c -o /tmp/tmp8vjne3sb/tmp/pip-build-env-__rkcgpw/overlay/lib64/python3.7/site-packages/numpy/distutils/checks/test_flags.o -MMD -MF /tmp/tmp8vjne3sb/tmp/pip-build-env-__rkcgpw/overlay/lib64/python3.7/site-packages/numpy/distutils/checks/test_flags.o.d -msse4.2) failed with exit status 127 output ->
b''
CCompilerOpt.cc_test_flags[1003] : testing failed
CCompilerOpt.cc_test_flags[999] : testing flags (-mavx)
C compiler: gcc -pthread -Wno-unused-result -Wsign-compare -DNDEBUG -O2 -g -pipe -Wall -Wp,-D_FORTIFY_SOURCE=2 -fexceptions -fstack-protector-strong --param=ssp-buffer-size=4 -grecord-gcc-switches -m64 -mtune=generic -D_GNU_SOURCE -fPIC -fwrapv -fPIC
compile options: '-I/home/ec2-user/NomadPOC/env/include -I/usr/include/python3.7m -c'
extra options: '-mavx'
CCompilerOpt.dist_test[576] : CCompilerOpt._dist_test_spawn[713] : Command (gcc -pthread -Wno-unused-result -Wsign-compare -DNDEBUG -O2 -g -pipe -Wall -Wp,-D_FORTIFY_SOURCE=2 -fexceptions -fstack-protector-strong --param=ssp-buffer-size=4 -grecord-gcc-switches -m64 -mtune=generic -D_GNU_SOURCE -fPIC -fwrapv -fPIC -I/home/ec2-user/NomadPOC/env/include -I/usr/include/python3.7m -c /tmp/pip-build-env-__rkcgpw/overlay/lib64/python3.7/site-packages/numpy/distutils/checks/test_flags.c -o /tmp/tmp8vjne3sb/tmp/pip-build-env-__rkcgpw/overlay/lib64/python3.7/site-packages/numpy/distutils/checks/test_flags.o -MMD -MF /tmp/tmp8vjne3sb/tmp/pip-build-env-__rkcgpw/overlay/lib64/python3.7/site-packages/numpy/distutils/checks/test_flags.o.d -mavx) failed with exit status 127 output ->
b''
CCompilerOpt.cc_test_flags[1003] : testing failed
CCompilerOpt.cc_test_flags[999] : testing flags (-mf16c)
C compiler: gcc -pthread -Wno-unused-result -Wsign-compare -DNDEBUG -O2 -g -pipe -Wall -Wp,-D_FORTIFY_SOURCE=2 -fexceptions -fstack-protector-strong --param=ssp-buffer-size=4 -grecord-gcc-switches -m64 -mtune=generic -D_GNU_SOURCE -fPIC -fwrapv -fPIC
compile options: '-I/home/ec2-user/NomadPOC/env/include -I/usr/include/python3.7m -c'
extra options: '-mf16c'
CCompilerOpt.dist_test[576] : CCompilerOpt._dist_test_spawn[713] : Command (gcc -pthread -Wno-unused-result -Wsign-compare -DNDEBUG -O2 -g -pipe -Wall -Wp,-D_FORTIFY_SOURCE=2 -fexceptions -fstack-protector-strong --param=ssp-buffer-size=4 -grecord-gcc-switches -m64 -mtune=generic -D_GNU_SOURCE -fPIC -fwrapv -fPIC -I/home/ec2-user/NomadPOC/env/include -I/usr/include/python3.7m -c /tmp/pip-build-env-__rkcgpw/overlay/lib64/python3.7/site-packages/numpy/distutils/checks/test_flags.c -o /tmp/tmp8vjne3sb/tmp/pip-build-env-__rkcgpw/overlay/lib64/python3.7/site-packages/numpy/distutils/checks/test_flags.o -MMD -MF /tmp/tmp8vjne3sb/tmp/pip-build-env-__rkcgpw/overlay/lib64/python3.7/site-packages/numpy/distutils/checks/test_flags.o.d -mf16c) failed with exit status 127 output ->
b''
CCompilerOpt.cc_test_flags[1003] : testing failed
CCompilerOpt.feature_test[1446] : testing feature 'F16C' with flags ()
C compiler: gcc -pthread -Wno-unused-result -Wsign-compare -DNDEBUG -O2 -g -pipe -Wall -Wp,-D_FORTIFY_SOURCE=2 -fexceptions -fstack-protector-strong --param=ssp-buffer-size=4 -grecord-gcc-switches -m64 -mtune=generic -D_GNU_SOURCE -fPIC -fwrapv -fPIC
compile options: '-I/home/ec2-user/NomadPOC/env/include -I/usr/include/python3.7m -c'
CCompilerOpt.dist_test[576] : CCompilerOpt._dist_test_spawn[713] : Command (gcc -pthread -Wno-unused-result -Wsign-compare -DNDEBUG -O2 -g -pipe -Wall -Wp,-D_FORTIFY_SOURCE=2 -fexceptions -fstack-protector-strong --param=ssp-buffer-size=4 -grecord-gcc-switches -m64 -mtune=generic -D_GNU_SOURCE -fPIC -fwrapv -fPIC -I/home/ec2-user/NomadPOC/env/include -I/usr/include/python3.7m -c /tmp/pip-build-env-__rkcgpw/overlay/lib64/python3.7/site-packages/numpy/distutils/checks/cpu_f16c.c -o /tmp/tmp8vjne3sb/tmp/pip-build-env-__rkcgpw/overlay/lib64/python3.7/site-packages/numpy/distutils/checks/cpu_f16c.o -MMD -MF /tmp/tmp8vjne3sb/tmp/pip-build-env-__rkcgpw/overlay/lib64/python3.7/site-packages/numpy/distutils/checks/cpu_f16c.o.d) failed with exit status 127 output ->
b''
CCompilerOpt.feature_test[1458] : testing failed
CCompilerOpt.feature_test[1446] : testing feature 'SSSE3' with flags ()
C compiler: gcc -pthread -Wno-unused-result -Wsign-compare -DNDEBUG -O2 -g -pipe -Wall -Wp,-D_FORTIFY_SOURCE=2 -fexceptions -fstack-protector-strong --param=ssp-buffer-size=4 -grecord-gcc-switches -m64 -mtune=generic -D_GNU_SOURCE -fPIC -fwrapv -fPIC
compile options: '-I/home/ec2-user/NomadPOC/env/include -I/usr/include/python3.7m -c'
CCompilerOpt.dist_test[576] : CCompilerOpt._dist_test_spawn[713] : Command (gcc -pthread -Wno-unused-result -Wsign-compare -DNDEBUG -O2 -g -pipe -Wall -Wp,-D_FORTIFY_SOURCE=2 -fexceptions -fstack-protector-strong --param=ssp-buffer-size=4 -grecord-gcc-switches -m64 -mtune=generic -D_GNU_SOURCE -fPIC -fwrapv -fPIC -I/home/ec2-user/NomadPOC/env/include -I/usr/include/python3.7m -c /tmp/pip-build-env-__rkcgpw/overlay/lib64/python3.7/site-packages/numpy/distutils/checks/cpu_ssse3.c -o /tmp/tmp8vjne3sb/tmp/pip-build-env-__rkcgpw/overlay/lib64/python3.7/site-packages/numpy/distutils/checks/cpu_ssse3.o -MMD -MF /tmp/tmp8vjne3sb/tmp/pip-build-env-__rkcgpw/overlay/lib64/python3.7/site-packages/numpy/distutils/checks/cpu_ssse3.o.d) failed with exit status 127 output ->
b''
CCompilerOpt.feature_test[1458] : testing failed
CCompilerOpt.feature_test[1446] : testing feature 'SSE3' with flags ()
C compiler: gcc -pthread -Wno-unused-result -Wsign-compare -DNDEBUG -O2 -g -pipe -Wall -Wp,-D_FORTIFY_SOURCE=2 -fexceptions -fstack-protector-strong --param=ssp-buffer-size=4 -grecord-gcc-switches -m64 -mtune=generic -D_GNU_SOURCE -fPIC -fwrapv -fPIC
compile options: '-I/home/ec2-user/NomadPOC/env/include -I/usr/include/python3.7m -c'
CCompilerOpt.dist_test[576] : CCompilerOpt._dist_test_spawn[713] : Command (gcc -pthread -Wno-unused-result -Wsign-compare -DNDEBUG -O2 -g -pipe -Wall -Wp,-D_FORTIFY_SOURCE=2 -fexceptions -fstack-protector-strong --param=ssp-buffer-size=4 -grecord-gcc-switches -m64 -mtune=generic -D_GNU_SOURCE -fPIC -fwrapv -fPIC -I/home/ec2-user/NomadPOC/env/include -I/usr/include/python3.7m -c /tmp/pip-build-env-__rkcgpw/overlay/lib64/python3.7/site-packages/numpy/distutils/checks/cpu_sse3.c -o /tmp/tmp8vjne3sb/tmp/pip-build-env-__rkcgpw/overlay/lib64/python3.7/site-packages/numpy/distutils/checks/cpu_sse3.o -MMD -MF /tmp/tmp8vjne3sb/tmp/pip-build-env-__rkcgpw/overlay/lib64/python3.7/site-packages/numpy/distutils/checks/cpu_sse3.o.d) failed with exit status 127 output ->
b''
CCompilerOpt.feature_test[1458] : testing failed
CCompilerOpt.init[1699] : initialize targets groups
CCompilerOpt.init[1701] : parse target group simd_test
CCompilerOpt._parse_target_tokens[1912] : skip targets (ASIMD (FMA3 AVX2) AVX512F VSX3 NEON SSE2 SSE42 XOP AVX512_SKX VSX VSX2 FMA4) not part of baseline or dispatch-able features
CCompilerOpt.generate_dispatch_header[2236] : generate CPU dispatch header: (/tmp/src.linux-x86_64-3.7/numpy/distutils/include/npy_cpu_dispatch_config.h)
Detected changes on compiler optimizations, force rebuilding
customize UnixCCompiler
customize UnixCCompiler using my_build_extension
building 'libsqnomad' extension
compiling C++ sources
C compiler: g++ -pthread -Wno-unused-result -Wsign-compare -DNDEBUG -O2 -g -pipe -Wall -Wp,-D_FORTIFY_SOURCE=2 -fexceptions -fstack-protector-strong --param=ssp-buffer-size=4 -grecord-gcc-switches -m64 -mtune=generic -D_GNU_SOURCE -fPIC -fwrapv -fPIC
creating build/temp.linux-x86_64-3.7/src
creating build/temp.linux-x86_64-3.7/src/Algos
creating build/temp.linux-x86_64-3.7/src/Cache
creating build/temp.linux-x86_64-3.7/src/Eval
creating build/temp.linux-x86_64-3.7/src/Math
creating build/temp.linux-x86_64-3.7/src/Output
creating build/temp.linux-x86_64-3.7/src/Param
creating build/temp.linux-x86_64-3.7/src/Python
creating build/temp.linux-x86_64-3.7/src/Type
creating build/temp.linux-x86_64-3.7/src/Util
creating build/temp.linux-x86_64-3.7/src/sgtelib
creating build/temp.linux-x86_64-3.7/src/Algos/LatinHypercubeSampling
creating build/temp.linux-x86_64-3.7/src/Algos/Mads
creating build/temp.linux-x86_64-3.7/src/Algos/NelderMead
creating build/temp.linux-x86_64-3.7/src/Algos/PSDMads
creating build/temp.linux-x86_64-3.7/src/Algos/PhaseOne
creating build/temp.linux-x86_64-3.7/src/Algos/QuadModel
creating build/temp.linux-x86_64-3.7/src/Algos/SSDMads
creating build/temp.linux-x86_64-3.7/src/Algos/SgtelibModel
compile options: '-Isrc -I/tmp/pip-build-env-__rkcgpw/overlay/lib64/python3.7/site-packages/numpy/core/include -I/tmp/src.linux-x86_64-3.7/numpy/distutils/include -I/home/ec2-user/NomadPOC/env/include -I/usr/include/python3.7m -c'
extra options: '-fopenmp -Wno-unused-value -I/tmp/pip-build-env-__rkcgpw/overlay/lib64/python3.7/site-packages/numpy/core/include/numpy -std=c++14'
g++: src/Algos/AlgoStopReasons.cpp
########### EXT COMPILER OPTIMIZATION ###########
Platform      :
Architecture: x64
Compiler    : gcc
CPU baseline  :
Requested   : 'min'
Enabled     : none
Flags       : none
Extra checks: none
ERROR: Failed building wheel for SQNomad
Failed to build SQNomad
ERROR: Could not build wheels for SQNomad which use PEP 517 and cannot be installed directly
Given that there is no output: exit status 127 output -> b'', not even an exit code, are you sure there's an accessible, functional version of g++? (I'm not familiar with Amazon Linux 2 AMI, and don't know what it provides by default. However, since even the most basic build test files fail, way before getting to NOMAD, I'd look for a setup problem first.)
Can you please provide wheel for LInux as well. It would be grate help for us.
As said I'm not familiar with Amazon Linux, so no idea what version of Python or gcc are needed, and more particular which libstdc++? But for sure it supports docker: just run quay.io/pypa/manylinux2014_x86_64, setup the python version you want from /opt and it'll work out-of-the-box.
