dss/dsshome1/0E/di25fix3/CP2K/cp2k/src/rpa_ri_gpw.F(105): error #6580: Name in only-list does not exist or is not accessible.   [LAPLACE_MINIMAX_APPROX]
USE mp2_laplace,                     ONLY: laplace_minimax_approx
----------------------------------------------^
/dss/dsshome1/0E/di25fix3/CP2K/cp2k/src/rpa_ri_gpw.F(131): error #6580: Name in only-list does not exist or is not accessible.   [COMMUNICATE_BUFFER]
USE rpa_im_time,                     ONLY: communicate_buffer,&
----------------------------------------------^
/dss/dsshome1/0E/di25fix3/CP2K/cp2k/src/rpa_ri_gpw.F(133): error #6580: Name in only-list does not exist or is not accessible.   [GAP_AND_MAX_EIG_DIFF_KPOINTS]
gap_and_max_eig_diff_kpoints,&
----------------------------------------------^
/dss/dsshome1/0E/di25fix3/CP2K/cp2k/src/rpa_ri_gpw.F(134): error #6580: Name in only-list does not exist or is not accessible.   [GET_MAT_3C_OVERL_INT_GW]
get_mat_3c_overl_int_gw,&
----------------------------------------------^
/dss/dsshome1/0E/di25fix3/CP2K/cp2k/src/rpa_ri_gpw.F(538): error #6460: This is not a field name that is defined in the encompassing structure.   [DO_GW_IM_TIME]
IF (my_do_gw .OR. mp2_env%ri_rpa_im_time%do_gw_im_time) THEN
-----------------------------------------------^
/dss/dsshome1/0E/di25fix3/CP2K/cp2k/src/rpa_ri_gpw.F(539): error #6460: This is not a field name that is defined in the encompassing structure.   [SCALING]
ext_scaling = mp2_env%ri_g0w0%scaling
---------------------------------------^
/dss/dsshome1/0E/di25fix3/CP2K/cp2k/src/rpa_ri_gpw.F(542): error #6460: This is not a field name that is defined in the encompassing structure.   [STOP_CRIT]
stop_crit = mp2_env%ri_g0w0%stop_crit
-------------------------------------^
/dss/dsshome1/0E/di25fix3/CP2K/cp2k/src/rpa_ri_gpw.F(2211): error #6460: This is not a field name that is defined in the encompassing structure.   [NORMALIZE_SIGMA]
do_normalize_Sigma = mp2_env%ri_g0w0%normalize_sigma
-------------------------------------------^
/dss/dsshome1/0E/di25fix3/CP2K/cp2k/src/rpa_ri_gpw.F(2212): error #6460: This is not a field name that is defined in the encompassing structure.   [NEGLECT_NORM]
do_neglect_norm = mp2_env%ri_g0w0%neglect_norm
----------------------------------------^
/dss/dsshome1/0E/di25fix3/CP2K/cp2k/src/rpa_ri_gpw.F(2267): error #6460: This is not a field name that is defined in the encompassing structure.   [N_GROUP_RI_ORIG]
ngroup_RI_orig = mp2_env%ri_rpa_im_time_util(1)%n_group_RI_orig
---------------------------------------------------------^
/dss/dsshome1/0E/di25fix3/CP2K/cp2k/src/rpa_ri_gpw.F(2673): error #6460: This is not a field name that is defined in the encompassing structure.   [CONTOUR_DEF_START]
IF(.NOT.(mp2_env%ri_g0w0%contour_def_start == -1))CALL cp__a("rpa_ri_gpw.F",2673)
-------------------------------------^
/dss/dsshome1/0E/di25fix3/CP2K/cp2k/src/rpa_ri_gpw.F(2674): error #6460: This is not a field name that is defined in the encompassing structure.   [CONTOUR_DEF_END]
IF(.NOT.(mp2_env%ri_g0w0%contour_def_end == -1))CALL cp__a("rpa_ri_gpw.F",2674)
-------------------------------------^
/dss/dsshome1/0E/di25fix3/CP2K/cp2k/src/rpa_ri_gpw.F(2779): error #6632: Keyword arguments are invalid without an explicit interface.   [DO_BETA]
mat_3c_overl_nnP_ic_reflected_beta, qs_env, unit_nr, do_beta=.TRUE.)
-------------------------------------------------------------------------------------------------^
/dss/dsshome1/0E/di25fix3/CP2K/cp2k/src/rpa_ri_gpw.F(2827): error #6631: A non-optional actual argument must be present when invoking a procedure with an explicit interface.   [DO_KPOINTS_CUBIC_RPA]
CALL setup_mat_for_mem_cut_3c(mat_3c_overl_int_cut, mat_3c_overl_int, cut_memory, cut_RI, &
--------------^
/dss/dsshome1/0E/di25fix3/CP2K/cp2k/src/rpa_ri_gpw.F(2827): error #6631: A non-optional actual argument must be present when invoking a procedure with an explicit interface.   [DO_GW_IM_TIME]
CALL setup_mat_for_mem_cut_3c(mat_3c_overl_int_cut, mat_3c_overl_int, cut_memory, cut_RI, &
--------------^
/dss/dsshome1/0E/di25fix3/CP2K/cp2k/src/rpa_ri_gpw.F(2827): error #6631: A non-optional actual argument must be present when invoking a procedure with an explicit interface.   [NUM_3C_REPL]
CALL setup_mat_for_mem_cut_3c(mat_3c_overl_int_cut, mat_3c_overl_int, cut_memory, cut_RI, &
--------------^
/dss/dsshome1/0E/di25fix3/CP2K/cp2k/src/rpa_ri_gpw.F(2837): error #6631: A non-optional actual argument must be present when invoking a procedure with an explicit interface.   [DO_KPOINTS_CUBIC_RPA]
CALL setup_mat_for_mem_cut_3c(mat_3c_overl_int_mao_for_occ_cut, mat_3c_overl_int_mao_for_occ, &
-----------------^
/dss/dsshome1/0E/di25fix3/CP2K/cp2k/src/rpa_ri_gpw.F(2837): error #6631: A non-optional actual argument must be present when invoking a procedure with an explicit interface.   [DO_GW_IM_TIME]
CALL setup_mat_for_mem_cut_3c(mat_3c_overl_int_mao_for_occ_cut, mat_3c_overl_int_mao_for_occ, &
-----------------^
/dss/dsshome1/0E/di25fix3/CP2K/cp2k/src/rpa_ri_gpw.F(2837): error #6631: A non-optional actual argument must be present when invoking a procedure with an explicit interface.   [NUM_3C_REPL]
CALL setup_mat_for_mem_cut_3c(mat_3c_overl_int_mao_for_occ_cut, mat_3c_overl_int_mao_for_occ, &
-----------------^
/dss/dsshome1/0E/di25fix3/CP2K/cp2k/src/rpa_ri_gpw.F(2840): error #6631: A non-optional actual argument must be present when invoking a procedure with an explicit interface.   [DO_KPOINTS_CUBIC_RPA]
CALL setup_mat_for_mem_cut_3c(mat_3c_overl_int_mao_for_virt_cut, mat_3c_overl_int_mao_for_virt, &
-----------------^
/dss/dsshome1/0E/di25fix3/CP2K/cp2k/src/rpa_ri_gpw.F(2840): error #6631: A non-optional actual argument must be present when invoking a procedure with an explicit interface.   [DO_GW_IM_TIME]
CALL setup_mat_for_mem_cut_3c(mat_3c_overl_int_mao_for_virt_cut, mat_3c_overl_int_mao_for_virt, &
-----------------^
/dss/dsshome1/0E/di25fix3/CP2K/cp2k/src/rpa_ri_gpw.F(2840): error #6631: A non-optional actual argument must be present when invoking a procedure with an explicit interface.   [NUM_3C_REPL]
CALL setup_mat_for_mem_cut_3c(mat_3c_overl_int_mao_for_virt_cut, mat_3c_overl_int_mao_for_virt, &
-----------------^
/dss/dsshome1/0E/di25fix3/CP2K/cp2k/src/rpa_ri_gpw.F(3252): error #6351: The number of subscripts is incorrect.   [VEC_SIGMA_X_MINUS_VXC_GW]
mp2_env%ri_g0w0%vec_Sigma_x_minus_vxc_gw(n_level_gw_ref, 1)
----------------------------------------------------------^
/dss/dsshome1/0E/di25fix3/CP2K/cp2k/src/rpa_ri_gpw.F(3270): error #6351: The number of subscripts is incorrect.   [VEC_SIGMA_X_MINUS_VXC_GW]
mp2_env%ri_g0w0%vec_Sigma_x_minus_vxc_gw(n_level_gw_ref, 2)
------------------------------------------------------------------^
/dss/dsshome1/0E/di25fix3/CP2K/cp2k/src/rpa_ri_gpw.F(3337): error #6460: This is not a field name that is defined in the encompassing structure.   [MIX_EXCHANGE]
do_mix_exchange = mp2_env%ri_g0w0%mix_exchange
-------------------------------------------^
/dss/dsshome1/0E/di25fix3/CP2K/cp2k/src/rpa_ri_gpw.F(3343): error #6460: This is not a field name that is defined in the encompassing structure.   [FRAC_EXX]
frac_rix = 1.0_dp-mp2_env%ri_g0w0%frac_exx
-------------------------------------------------^
/dss/dsshome1/0E/di25fix3/CP2K/cp2k/src/rpa_ri_gpw.F(3408): error #6351: The number of subscripts is incorrect.   [VEC_SIGMA_X_MINUS_VXC_GW]
mp2_env%ri_g0w0%vec_Sigma_x_minus_vxc_gw(:, 1) = &
----------------------------^
/dss/dsshome1/0E/di25fix3/CP2K/cp2k/src/rpa_ri_gpw.F(3409): error #6351: The number of subscripts is incorrect.   [VEC_SIGMA_X_MINUS_VXC_GW]
mp2_env%ri_g0w0%vec_Sigma_x_minus_vxc_gw(:, 1)+ &
-------------------------------^
/dss/dsshome1/0E/di25fix3/CP2K/cp2k/src/rpa_ri_gpw.F(3408): error #6366: The shapes of the array expressions do not conform.   [VEC_SIGMA_X_MINUS_VXC_GW]
mp2_env%ri_g0w0%vec_Sigma_x_minus_vxc_gw(:, 1) = &
----------------------------^
/dss/dsshome1/0E/di25fix3/CP2K/cp2k/src/rpa_ri_gpw.F(3416): error #6351: The number of subscripts is incorrect.   [VEC_SIGMA_X_MINUS_VXC_GW]
mp2_env%ri_g0w0%vec_Sigma_x_minus_vxc_gw(:, 2) = &
-------------------------------^
/tmp/di25fix3/ifortcrcEzk.i90(12800): catastrophic error: Too many errors, exiting
compilation aborted for rpa_ri_gpw.F90 (code 1)
/dss/dsshome1/0E/di25fix3/CP2K/cp2k/Makefile:454: recipe for target 'rpa_ri_gpw.o' failed
make[3]: *** [rpa_ri_gpw.o] Error 1
/dss/dsshome1/0E/di25fix3/CP2K/cp2k/Makefile:133: recipe for target 'all' failed
make[2]: *** [all] Error 2
/dss/dsshome1/0E/di25fix3/CP2K/cp2k/Makefile:122: recipe for target 'psmp' failed
make[1]: *** [psmp] Error 2
Makefile:117: recipe for target 'all' failed
make: *** [all] Error 2
di25fix3@login03:~/CP2K/cp2k>
According to our tests everything is working. Could you try once make distclean ? If the problem persists please post the arch file and the SHA of the commit you used.
What have you done to obtain the (latest) files? I am asking because the file rpa_ri_gpw.F does not exist anymore in the latest trunk. (see commit 9317ff0 in PR #412)
