My  PYTHON 3.5  Linux Ubuntu web-hosting  fails  when  I TRY  install QRL  please  see  the  complete traceback üëç
[djalmabr@hserv32 new_qrl]$ pip3 install -U qrl
Collecting qrl
Requirement already up-to-date: grpcio<=1.10.0,>=1.9.0 in /home/djalmabr/virtualenv/new__qrl/3.5/lib/python3.5/site-packages (from qrl)
Requirement already up-to-date: pyopenssl>=17.3.0 in /home/djalmabr/virtualenv/new__qrl/3.5/lib/python3.5/site-packages (from qrl)
Requirement already up-to-date: six>=1.9 in /home/djalmabr/virtualenv/new__qrl/3.5/lib/python3.5/site-packages (from qrl)
Requirement already up-to-date: grpcio-tools<=1.10.0,>=1.9.0 in /home/djalmabr/virtualenv/new__qrl/3.5/lib/python3.5/site-packages (from qrl)
Requirement already up-to-date: simplejson>=3.11.1 in /home/djalmabr/virtualenv/new__qrl/3.5/lib/python3.5/site-packages (from qrl)
Requirement already up-to-date: setuptools>=28.0.0 in /home/djalmabr/virtualenv/new__qrl/3.5/lib/python3.5/site-packages (from qrl)
Collecting pyqrllib<0.9.0,>=0.8.1 (from qrl)
Using cached pyqrllib-0.8.9.tar.gz
Requirement already up-to-date: leveldb==0.20 in /home/djalmabr/virtualenv/new__qrl/3.5/lib/python3.5/site-packages (from qrl)
Collecting pyqryptonight<0.8.0,>=0.7.1 (from qrl)
Using cached pyqryptonight-0.7.2.tar.gz
Requirement already up-to-date: colorlog>=3.0.1 in /home/djalmabr/virtualenv/new__qrl/3.5/lib/python3.5/site-packages (from qrl)
Requirement already up-to-date: ntplib>=0.3.3 in /home/djalmabr/virtualenv/new__qrl/3.5/lib/python3.5/site-packages (from qrl)
Requirement already up-to-date: service-identity in /home/djalmabr/virtualenv/new__qrl/3.5/lib/python3.5/site-packages (from qrl)
Requirement already up-to-date: protobuf in /home/djalmabr/virtualenv/new__qrl/3.5/lib/python3.5/site-packages (from qrl)
Requirement already up-to-date: click==6.7 in /home/djalmabr/virtualenv/new__qrl/3.5/lib/python3.5/site-packages (from qrl)
Requirement already up-to-date: PyYAML==3.12 in /home/djalmabr/virtualenv/new__qrl/3.5/lib/python3.5/site-packages (from qrl)
Requirement already up-to-date: Twisted>=17.5.0 in /home/djalmabr/virtualenv/new__qrl/3.5/lib/python3.5/site-packages (from qrl)
Requirement already up-to-date: cryptography>=2.1.4 in /home/djalmabr/virtualenv/new__qrl/3.5/lib/python3.5/site-packages (from pyopenssl>=17.3.0->qrl)
Requirement already up-to-date: scikit-build in /home/djalmabr/virtualenv/new__qrl/3.5/lib/python3.5/site-packages (from pyqrllib<0.9.0,>=0.8.1->qrl)
Requirement already up-to-date: attrs in /home/djalmabr/virtualenv/new__qrl/3.5/lib/python3.5/site-packages (from service-identity->qrl)
Requirement already up-to-date: pyasn1-modules in /home/djalmabr/virtualenv/new__qrl/3.5/lib/python3.5/site-packages (from service-identity->qrl)
Requirement already up-to-date: pyasn1 in /home/djalmabr/virtualenv/new__qrl/3.5/lib/python3.5/site-packages (from service-identity->qrl)
Requirement already up-to-date: hyperlink>=17.1.1 in /home/djalmabr/virtualenv/new__qrl/3.5/lib/python3.5/site-packages (from Twisted>=17.5.0->qrl)
Requirement already up-to-date: incremental>=16.10.1 in /home/djalmabr/virtualenv/new__qrl/3.5/lib/python3.5/site-packages (from Twisted>=17.5.0->qrl)
Requirement already up-to-date: zope.interface>=4.0.2 in /home/djalmabr/virtualenv/new__qrl/3.5/lib/python3.5/site-packages (from Twisted>=17.5.0->qrl)
Requirement already up-to-date: Automat>=0.3.0 in /home/djalmabr/virtualenv/new__qrl/3.5/lib/python3.5/site-packages (from Twisted>=17.5.0->qrl)
Requirement already up-to-date: constantly>=15.1 in /home/djalmabr/virtualenv/new__qrl/3.5/lib/python3.5/site-packages (from Twisted>=17.5.0->qrl)Requirement already up-to-date: idna>=2.1 in /home/djalmabr/virtualenv/new__qrl/3.5/lib/python3.5/site-packages (from cryptography>=2.1.4->pyopenssl>=17.3.0->qrl)
Requirement already up-to-date: asn1crypto>=0.21.0 in /home/djalmabr/virtualenv/new__qrl/3.5/lib/python3.5/site-packages (from cryptography>=2.1.4->pyopenssl>=17.3.0->qrl)
Requirement already up-to-date: cffi>=1.7; platform_python_implementation != "PyPy" in /home/djalmabr/virtualenv/new__qrl/3.5/lib/python3.5/site-packages (from cryptography>=2.1.4->pyopenssl>=17.3.0->qrl)
Requirement already up-to-date: wheel>=0.29.0 in /home/djalmabr/virtualenv/new__qrl/3.5/lib/python3.5/site-packages (from scikit-build->pyqrllib<0.9.0,>=0.8.1->qrl)
Requirement already up-to-date: pycparser in /home/djalmabr/virtualenv/new__qrl/3.5/lib/python3.5/site-packages (from cffi>=1.7; platform_python_implementation != "PyPy"->cryptography>=2.1.4->pyopenssl>=17.3.0->qrl)
Building wheels for collected packages: pyqrllib, pyqryptonight
Running setup.py bdist_wheel for pyqrllib ... error
Complete output from command /home/djalmabr/virtualenv/new__qrl/3.5/bin/python3.5 -u -c "import setuptools, tokenize;file='/tmp/pip-build-lhsr7bno/pyqrllib/setup.py';f=getattr(tokenize, 'open', open)(file);code=f.read().replace('\r\n', '\n');f.close();exec(compile(code, file, 'exec'))" bdist_wheel -d /tmp/tmpzedg1csnpip-wheel- --python-tag cp35:
running bdist_wheel
running build
running build_py
creating build
creating build/lib.linux-x86_64-3.5
creating build/lib.linux-x86_64-3.5/pyqrllib
copying pyqrllib/init.py -> build/lib.linux-x86_64-3.5/pyqrllib
running egg_info
writing dependency_links to pyqrllib.egg-info/dependency_links.txt
writing pyqrllib.egg-info/PKG-INFO
writing top-level names to pyqrllib.egg-info/top_level.txt
writing requirements to pyqrllib.egg-info/requires.txt
[pbr] Reusing existing SOURCES.txt
running build_ext
Traceback (most recent call last):
File "/home/djalmabr/virtualenv/new__qrl/3.5/bin/cmake", line 11, in 
sys.exit(cmake())
File "/home/djalmabr/virtualenv/new__qrl/3.5/lib/python3.5/site-packages/cmake/init.py", line 33, in cmake
raise SystemExit(_program('cmake', sys.argv[1:]))
File "/home/djalmabr/virtualenv/new__qrl/3.5/lib/python3.5/site-packages/cmake/init.py", line 29, in _program
return subprocess.call([os.path.join(CMAKE_BIN_DIR, name)] + args)
File "/opt/alt/python35/lib64/python3.5/subprocess.py", line 247, in call
with Popen(*popenargs, **kwargs) as p:
File "/opt/alt/python35/lib64/python3.5/subprocess.py", line 676, in init
restore_signals, start_new_session)
File "/opt/alt/python35/lib64/python3.5/subprocess.py", line 1289, in _execute_child
raise child_exception_type(errno_num, err_msg)
PermissionError: [Errno 13] Permission denied
Traceback (most recent call last):
File "", line 1, in 
File "/tmp/pip-build-lhsr7bno/pyqrllib/setup.py", line 66, in 
setup_package()
File "/tmp/pip-build-lhsr7bno/pyqrllib/setup.py", line 62, in setup_package
use_pyscaffold=True)
File "/home/djalmabr/virtualenv/new__qrl/3.5/lib/python3.5/site-packages/setuptools/init.py", line 129, in setup
return distutils.core.setup(**attrs)
File "/opt/alt/python35/lib64/python3.5/distutils/core.py", line 148, in setup
dist.run_commands()
File "/opt/alt/python35/lib64/python3.5/distutils/dist.py", line 955, in run_commands
self.run_command(cmd)
File "/opt/alt/python35/lib64/python3.5/distutils/dist.py", line 974, in run_command
cmd_obj.run()
File "/home/djalmabr/virtualenv/new__qrl/3.5/lib/python3.5/site-packages/wheel/bdist_wheel.py", line 204, in run
self.run_command('build')
File "/opt/alt/python35/lib64/python3.5/distutils/cmd.py", line 313, in run_command
self.distribution.run_command(command)
File "/opt/alt/python35/lib64/python3.5/distutils/dist.py", line 974, in run_command
cmd_obj.run()
File "/opt/alt/python35/lib64/python3.5/distutils/command/build.py", line 135, in run
self.run_command(cmd_name)
File "/opt/alt/python35/lib64/python3.5/distutils/cmd.py", line 313, in run_command
self.distribution.run_command(command)
File "/opt/alt/python35/lib64/python3.5/distutils/dist.py", line 974, in run_command
cmd_obj.run()
File "/tmp/pip-build-lhsr7bno/pyqrllib/setup.py", line 39, in run
subprocess.check_call(cmake_call, cwd=self.build_temp, env=env)
File "/opt/alt/python35/lib64/python3.5/subprocess.py", line 271, in check_call
raise CalledProcessError(retcode, cmd)
subprocess.CalledProcessError: Command '['cmake', '/tmp/pip-build-lhsr7bno/pyqrllib', '-DBUILD_PYTHON=ON', '-DBUILD_TESTS=OFF', '-DCMAKE_LIBRARY_OUTPUT_DIRECTORY=/tmp/pip-build-lhsr7bno/pyqrllib/build/lib.linux-x86_64-3.5', '-DCMAKE_BUILD_TYPE=Release']' returned non-zero exit status 1
Failed building wheel for pyqrllib
Running setup.py clean for pyqrllib
Running setup.py bdist_wheel for pyqryptonight ... error
Complete output from command /home/djalmabr/virtualenv/new__qrl/3.5/bin/python3.5 -u -c "import setuptools, tokenize;file='/tmp/pip-build-lhsr7bno/pyqryptonight/setup.py';f=getattr(tokenize, 'open', open)(file);code=f.read().replace('\r\n', '\n');f.close();exec(compile(code, file, 'exec'))" bdist_wheel -d /tmp/tmpyxba47t7pip-wheel- --python-tag cp35:
running bdist_wheel
running build
running build_py
creating build
creating build/lib.linux-x86_64-3.5
creating build/lib.linux-x86_64-3.5/pyqryptonight
copying pyqryptonight/init.py -> build/lib.linux-x86_64-3.5/pyqryptonight
copying pyqryptonight/pyqryptonight.py -> build/lib.linux-x86_64-3.5/pyqryptonight
running egg_info
writing dependency_links to pyqryptonight.egg-info/dependency_links.txt  writing requirements to pyqryptonight.egg-info/requires.txt
writing pyqryptonight.egg-info/PKG-INFO
writing top-level names to pyqryptonight.egg-info/top_level.txt
[pbr] Reusing existing SOURCES.txt
running build_ext
Traceback (most recent call last):
File "/home/djalmabr/virtualenv/new__qrl/3.5/bin/cmake", line 11, in 
sys.exit(cmake())
File "/home/djalmabr/virtualenv/new__qrl/3.5/lib/python3.5/site-packages/cmake/init.py", line 33, in cmake
raise SystemExit(_program('cmake', sys.argv[1:]))
File "/home/djalmabr/virtualenv/new__qrl/3.5/lib/python3.5/site-packages/cmake/init.py", line 29, in _program
return subprocess.call([os.path.join(CMAKE_BIN_DIR, name)] + args)
File "/opt/alt/python35/lib64/python3.5/subprocess.py", line 247, in call
with Popen(*popenargs, **kwargs) as p:
File "/opt/alt/python35/lib64/python3.5/subprocess.py", line 676, in init
restore_signals, start_new_session)
File "/opt/alt/python35/lib64/python3.5/subprocess.py", line 1289, in _execute_child
raise child_exception_type(errno_num, err_msg)
PermissionError: [Errno 13] Permission denied
Traceback (most recent call last):
File "", line 1, in 
File "/tmp/pip-build-lhsr7bno/pyqryptonight/setup.py", line 66, in 
setup_package()
File "/tmp/pip-build-lhsr7bno/pyqryptonight/setup.py", line 62, in setup_package
use_pyscaffold=True)
File "/home/djalmabr/virtualenv/new__qrl/3.5/lib/python3.5/site-packages/setuptools/init.py", line 129, in setup
return distutils.core.setup(**attrs)
File "/opt/alt/python35/lib64/python3.5/distutils/core.py", line 148, in setup
dist.run_commands()
File "/opt/alt/python35/lib64/python3.5/distutils/dist.py", line 955, in run_commands
self.run_command(cmd)
File "/opt/alt/python35/lib64/python3.5/distutils/dist.py", line 974, in run_command
cmd_obj.run()
File "/home/djalmabr/virtualenv/new__qrl/3.5/lib/python3.5/site-packages/wheel/bdist_wheel.py", line 204, in run
self.run_command('build')
File "/opt/alt/python35/lib64/python3.5/distutils/cmd.py", line 313, in run_command
self.distribution.run_command(command)
File "/opt/alt/python35/lib64/python3.5/distutils/dist.py", line 974, in run_command
cmd_obj.run()
File "/opt/alt/python35/lib64/python3.5/distutils/command/build.py", line 135, in run
self.run_command(cmd_name)
File "/opt/alt/python35/lib64/python3.5/distutils/cmd.py", line 313, in run_command
self.distribution.run_command(command)
File "/opt/alt/python35/lib64/python3.5/distutils/dist.py", line 974, in run_command
cmd_obj.run()
File "/tmp/pip-build-lhsr7bno/pyqryptonight/setup.py", line 40, in run
subprocess.check_call(cmake_call, cwd=self.build_temp, env=env)
File "/opt/alt/python35/lib64/python3.5/subprocess.py", line 271, in check_call
raise CalledProcessError(retcode, cmd)
subprocess.CalledProcessError: Command '['cmake', '/tmp/pip-build-lhsr7bno/pyqryptonight', '-DBUILD_PYTHON=ON', '-DBUILD_TESTS=OFF', '-DCMAKE_LIBRARY_OUTPUT_DIRECTORY=/tmp/pip-build-lhsr7bno/pyqryptonight/build/lib.linux-x86_64-3.5', '-DCMAKE_BUILD_TYPE=Release']' returned non-zero exit status 1
Failed building wheel for pyqryptonight
Running setup.py clean for pyqryptonight
Failed to build pyqrllib pyqryptonight
Installing collected packages: pyqrllib, pyqryptonight, qrl
Running setup.py install for pyqrllib ... error
Complete output from command /home/djalmabr/virtualenv/new__qrl/3.5/bin/python3.5 -u -c "import setuptools, tokenize;file='/tmp/pip-build-lhsr7bno/pyqrllib/setup.py';f=getattr(tokenize, 'open', open)(file);code=f.read().replace('\r\n', '\n');f.close();exec(compile(code, file, 'exec'))" install --record /tmp/pip-duxwhy7t-record/install-record.txt --single-version-externally-managed --compile --install-headers /home/djalmabr/virtualenv/new__qrl/3.5/include/site/python3.5/pyqrllib:
running install
running build
running build_py
creating build
creating build/lib.linux-x86_64-3.5
creating build/lib.linux-x86_64-3.5/pyqrllib
copying pyqrllib/init.py -> build/lib.linux-x86_64-3.5/pyqrllib
running egg_info
writing pyqrllib.egg-info/PKG-INFO
writing requirements to pyqrllib.egg-info/requires.txt
writing dependency_links to pyqrllib.egg-info/dependency_links.txt
writing top-level names to pyqrllib.egg-info/top_level.txt
[pbr] Reusing existing SOURCES.txt
running build_ext
Traceback (most recent call last):
File "/home/djalmabr/virtualenv/new__qrl/3.5/bin/cmake", line 11, in 
sys.exit(cmake())
File "/home/djalmabr/virtualenv/new__qrl/3.5/lib/python3.5/site-packages/cmake/init.py", line 33, in cmake
raise SystemExit(_program('cmake', sys.argv[1:]))
File "/home/djalmabr/virtualenv/new__qrl/3.5/lib/python3.5/site-packages/cmake/init.py", line 29, in _program
return subprocess.call([os.path.join(CMAKE_BIN_DIR, name)] + args)
File "/opt/alt/python35/lib64/python3.5/subprocess.py", line 247, in call
with Popen(*popenargs, **kwargs) as p:
File "/opt/alt/python35/lib64/python3.5/subprocess.py", line 676, in init
restore_signals, start_new_session)
File "/opt/alt/python35/lib64/python3.5/subprocess.py", line 1289, in _execute_child
raise child_exception_type(errno_num, err_msg)
PermissionError: [Errno 13] Permission denied
Traceback (most recent call last):
File "", line 1, in 
File "/tmp/pip-build-lhsr7bno/pyqrllib/setup.py", line 66, in 
setup_package()
File "/tmp/pip-build-lhsr7bno/pyqrllib/setup.py", line 62, in setup_package
use_pyscaffold=True)
File "/home/djalmabr/virtualenv/new__qrl/3.5/lib/python3.5/site-packages/setuptools/init.py", line 129, in setup
return distutils.core.setup(**attrs)
File "/opt/alt/python35/lib64/python3.5/distutils/core.py", line 148, in setup
dist.run_commands()
File "/opt/alt/python35/lib64/python3.5/distutils/dist.py", line 955, in run_commands
self.run_command(cmd)
File "/opt/alt/python35/lib64/python3.5/distutils/dist.py", line 974, in run_command
cmd_obj.run()
File "/tmp/pip-build-lhsr7bno/pyqrllib/.eggs/PyScaffold-2.5.8-py3.5.egg/pyscaffold/contrib/pbr/pbr/packaging.py", line 200, in run
return du_install.install.run(self)
File "/opt/alt/python35/lib64/python3.5/distutils/command/install.py", line 539, in run
self.run_command('build')
File "/opt/alt/python35/lib64/python3.5/distutils/cmd.py", line 313, in run_command
self.distribution.run_command(command)
File "/opt/alt/python35/lib64/python3.5/distutils/dist.py", line 974, in run_command
cmd_obj.run()
File "/opt/alt/python35/lib64/python3.5/distutils/command/build.py", line 135, in run
self.run_command(cmd_name)
File "/opt/alt/python35/lib64/python3.5/distutils/cmd.py", line 313, in run_command
self.distribution.run_command(command)
File "/opt/alt/python35/lib64/python3.5/distutils/dist.py", line 974, in run_command
cmd_obj.run()
File "/tmp/pip-build-lhsr7bno/pyqrllib/setup.py", line 39, in run
subprocess.check_call(cmake_call, cwd=self.build_temp, env=env)
File "/opt/alt/python35/lib64/python3.5/subprocess.py", line 271, in check_call
raise CalledProcessError(retcode, cmd)
subprocess.CalledProcessError: Command '['cmake', '/tmp/pip-build-lhsr7bno/pyqrllib', '-DBUILD_PYTHON=ON', '-DBUILD_TESTS=OFF', '-DCMAKE_LIBRARY_OUTPUT_DIRECTORY=/tmp/pip-build-lhsr7bno/pyqrllib/build/lib.linux-x86_64-3.5', '-DCMAKE_BUILD_TYPE=Release']' returned non-zero exit status 1
Command "/home/djalmabr/virtualenv/new__qrl/3.5/bin/python3.5 -u -c "import setuptools, tokenize;file='/tmp/pip-build-lhsr7bno/pyqrllib/setup.py';f=getattr(tokenize, 'open', open)(file);code=f.read().replace('\r\n', '\n');f.close();exec(compile(code, file, 'exec'))" install --record /tmp/pip-duxwhy7t-record/install-record.txt --single-version-externally-managed --compile --install-headers /home/djalmabr/virtualenv/new__qrl/3.5/include/site/python3.5/pyqrllib" failed with error code 1 in /tmp/pip-build-lhsr7bno/pyqrllib/
@djalmabright You seem to be having a permission problem in your computer:
return subprocess.call([os.path.join(CMAKE_BIN_DIR, name)] + args)
File "/opt/alt/python35/lib64/python3.5/subprocess.py", line 247, in call
with Popen(*popenargs, **kwargs) as p:
File "/opt/alt/python35/lib64/python3.5/subprocess.py", line 676, in init
restore_signals, start_new_session)
File "/opt/alt/python35/lib64/python3.5/subprocess.py", line 1289, in _execute_child
raise child_exception_type(errno_num, err_msg)
PermissionError: [Errno 13] Permission denied
