Looks like the sphinx contrib package is causing the read the docs server to fail.
Running Sphinx v7.2.6
Traceback (most recent call last):
File "/home/docs/checkouts/readthedocs.org/user_builds/toqito/envs/latest/lib/python3.11/site-packages/sphinx/registry.py", line 447, in load_extension
mod = import_module(extname)
^^^^^^^^^^^^^^^^^^^^^^
File "/home/docs/.asdf/installs/python/3.11.6/lib/python3.11/importlib/init.py", line 126, in import_module
return _bootstrap._gcd_import(name[level:], package, level)
^^^^^^^^^^^^^^^^^^^^^^^^^^^^^^^^^^^^^^^^^^^^^^^^^^^^
File "", line 1204, in _gcd_import
File "", line 1176, in _find_and_load
File "", line 1140, in _find_and_load_unlocked
ModuleNotFoundError: No module named 'sphinxcontrib.bibtex'
The above exception was the direct cause of the following exception:
Traceback (most recent call last):
File "/home/docs/checkouts/readthedocs.org/user_builds/toqito/envs/latest/lib/python3.11/site-packages/sphinx/cmd/build.py", line 293, in build_main
app = Sphinx(args.sourcedir, args.confdir, args.outputdir,
^^^^^^^^^^^^^^^^^^^^^^^^^^^^^^^^^^^^^^^^^^^^^^^^^^^^
File "/home/docs/checkouts/readthedocs.org/user_builds/toqito/envs/latest/lib/python3.11/site-packages/sphinx/application.py", line 233, in init
self.setup_extension(extension)
File "/home/docs/checkouts/readthedocs.org/user_builds/toqito/envs/latest/lib/python3.11/site-packages/sphinx/application.py", line 406, in setup_extension
self.registry.load_extension(self, extname)
File "/home/docs/checkouts/readthedocs.org/user_builds/toqito/envs/latest/lib/python3.11/site-packages/sphinx/registry.py", line 450, in load_extension
raise ExtensionError(__('Could not import extension %s') % extname,
sphinx.errors.ExtensionError: Could not import extension sphinxcontrib.bibtex (exception: No module named 'sphinxcontrib.bibtex')
Extension error:
Could not import extension sphinxcontrib.bibtex (exception: No module named 'sphinxcontrib.bibtex')
Does RTD build a virtual environment with a fresh installation whenever a new change is pushed to the main branch? It looks like it might not be using the toml file in this scenario.
I found the following related to RTD installations. I think it uses a file that does not exist.

Should we attempt to fix this with a requirements.txt file?
Edit: nvm, found the file in docs/
