Failure
Traceback (most recent call last):
File "C:\Python27\lib\unittest\case.py", line 331, in run
testMethod()
File "C:\Python27\lib\site-packages\nose\case.py", line 197, in runTest
self.test(*self.arg)
File "C:\lneuhaus\gitHub\pyrpl\pyrpl\test\test_spectrum_analyzer.py", line 41, in test_spec_an
assert (diff < threshold), (fmax, f0, diff, threshold)
AssertionError: (15430.001355618238, 1100000.0, 1084569.9986443818, 0.116455078125)
im on it i guess
this is likely a consequence of other failtures:
test_scope_asg_ams:
Failure
Traceback (most recent call last):
File "C:\Python27\lib\unittest\case.py", line 331, in run
testMethod()
File "C:\Python27\lib\site-packages\nose\case.py", line 197, in runTest
self.test(*self.arg)
File "C:\lneuhaus\gitHub\pyrpl\pyrpl\test\test_hardware_modules\test_scope_asg_ams.py", line 52, in test_asg_to_scope
assert False, 'diff = ' + str(diff)
AssertionError: diff = 1.99987792969
F
..
Failure
Traceback (most recent call last):
File "C:\Python27\lib\unittest\case.py", line 331, in run
testMethod()
File "C:\Python27\lib\site-packages\nose\case.py", line 197, in runTest
self.test(*self.arg)
File "C:\lneuhaus\gitHub\pyrpl\pyrpl\test\test_hardware_modules\test_scope_asg_ams.py", line 178, in test_scope_duration_autosetting
assert abs(centertime - 0.1) < 1e-5, centertime
AssertionError: 0.000524288
F
..
..
Failure
Traceback (most recent call last):
File "C:\Python27\lib\unittest\case.py", line 331, in run
testMethod()
File "C:\Python27\lib\site-packages\nose\case.py", line 197, in runTest
self.test(*self.arg)
File "C:\lneuhaus\gitHub\pyrpl\pyrpl\test\test_hardware_modules\test_scope_asg_ams.py", line 158, in test_scope_trigger_delay_not_forgotten
assert (self.r.scope.times[self.r.scope.data_length // 2] == 0.01)
AssertionError
F
..
Traceback (most recent call last):
File "C:\Python27\lib\site-packages\nose\case.py", line 197, in runTest
self.test(*self.arg)
File "C:\lneuhaus\gitHub\pyrpl\pyrpl\test\test_hardware_modules\test_scope_asg_ams.py", line 52, in test_asg_to_scope
assert False, 'diff = ' + str(diff)
AssertionError: diff = 1.99987792969
Traceback (most recent call last):
File "C:\Python27\lib\site-packages\nose\case.py", line 197, in runTest
self.test(*self.arg)
File "C:\lneuhaus\gitHub\pyrpl\pyrpl\test\test_hardware_modules\test_scope_asg_ams.py", line 178, in test_scope_duration_autosetting
assert abs(centertime - 0.1) < 1e-5, centertime
AssertionError: 0.000524288
Traceback (most recent call last):
File "C:\Python27\lib\site-packages\nose\case.py", line 197, in runTest
self.test(*self.arg)
File "C:\lneuhaus\gitHub\pyrpl\pyrpl\test\test_hardware_modules\test_scope_asg_ams.py", line 158, in test_scope_trigger_delay_not_forgotten
assert (self.r.scope.times[self.r.scope.data_length // 2] == 0.01)
AssertionError
Ran 10 tests in 13.810s
FAILED (failures=3)
in test_scope:
Failure
Traceback (most recent call last):
File "C:\Python27\lib\unittest\case.py", line 331, in run
testMethod()
File "C:\Python27\lib\site-packages\nose\case.py", line 197, in runTest
self.test(*self.arg)
File "C:\lneuhaus\gitHub\pyrpl\pyrpl\test\test_hardware_modules\test_scope.py", line 84, in test_scope_rolling_mode_and_running_state_update
assert self.data_changing()
AssertionError
so tests are failing because the scope does not trigger
Now, all unittests are passing on python 2.7. Is that so for python 3.5 as well? We should start debugging travis as well now
I just tryied to launch all tests, I still have some odict_keys problems....
this is fixed now
