Hi,
I am getting the following connection refused error.  Please help fix this:
qvm.wavefunction(p).amplitudes
Traceback (most recent call last):
File "/Users/vsivasubram3/anaconda3/lib/python3.6/site-packages/urllib3/connection.py", line 141, in _new_conn
(self.host, self.port), self.timeout, **extra_kw)
File "/Users/vsivasubram3/anaconda3/lib/python3.6/site-packages/urllib3/util/connection.py", line 83, in create_connection
raise err
File "/Users/vsivasubram3/anaconda3/lib/python3.6/site-packages/urllib3/util/connection.py", line 73, in create_connection
sock.connect(sa)
ConnectionRefusedError: [Errno 61] Connection refused
During handling of the above exception, another exception occurred:
Traceback (most recent call last):
File "/Users/vsivasubram3/anaconda3/lib/python3.6/site-packages/urllib3/connectionpool.py", line 601, in urlopen
chunked=chunked)
File "/Users/vsivasubram3/anaconda3/lib/python3.6/site-packages/urllib3/connectionpool.py", line 357, in _make_request
conn.request(method, url, **httplib_request_kw)
File "/Users/vsivasubram3/anaconda3/lib/python3.6/http/client.py", line 1239, in request
self._send_request(method, url, body, headers, encode_chunked)
File "/Users/vsivasubram3/anaconda3/lib/python3.6/http/client.py", line 1285, in _send_request
self.endheaders(body, encode_chunked=encode_chunked)
File "/Users/vsivasubram3/anaconda3/lib/python3.6/http/client.py", line 1234, in endheaders
self._send_output(message_body, encode_chunked=encode_chunked)
File "/Users/vsivasubram3/anaconda3/lib/python3.6/http/client.py", line 1026, in _send_output
self.send(msg)
File "/Users/vsivasubram3/anaconda3/lib/python3.6/http/client.py", line 964, in send
self.connect()
File "/Users/vsivasubram3/anaconda3/lib/python3.6/site-packages/urllib3/connection.py", line 166, in connect
conn = self._new_conn()
File "/Users/vsivasubram3/anaconda3/lib/python3.6/site-packages/urllib3/connection.py", line 150, in _new_conn
self, "Failed to establish a new connection: %s" % e)
urllib3.exceptions.NewConnectionError: <urllib3.connection.HTTPConnection object at 0x10b466c18>: Failed to establish a new connection: [Errno 61] Connection refused
During handling of the above exception, another exception occurred:
Traceback (most recent call last):
File "/Users/vsivasubram3/anaconda3/lib/python3.6/site-packages/requests/adapters.py", line 440, in send
timeout=timeout
File "/Users/vsivasubram3/anaconda3/lib/python3.6/site-packages/urllib3/connectionpool.py", line 668, in urlopen
**response_kw)
File "/Users/vsivasubram3/anaconda3/lib/python3.6/site-packages/urllib3/connectionpool.py", line 668, in urlopen
**response_kw)
File "/Users/vsivasubram3/anaconda3/lib/python3.6/site-packages/urllib3/connectionpool.py", line 668, in urlopen
**response_kw)
File "/Users/vsivasubram3/anaconda3/lib/python3.6/site-packages/urllib3/connectionpool.py", line 639, in urlopen
_stacktrace=sys.exc_info()[2])
File "/Users/vsivasubram3/anaconda3/lib/python3.6/site-packages/urllib3/util/retry.py", line 388, in increment
raise MaxRetryError(_pool, url, error or ResponseError(cause))
urllib3.exceptions.MaxRetryError: HTTPConnectionPool(host='127.0.0.1', port=5000): Max retries exceeded with url: /qvm (Caused by NewConnectionError('<urllib3.connection.HTTPConnection object at 0x10b466c18>: Failed to establish a new connection: [Errno 61] Connection refused',))
During handling of the above exception, another exception occurred:
Traceback (most recent call last):
File "", line 1, in 
File "/Users/vsivasubram3/anaconda3/lib/python3.6/site-packages/pyquil/api/_error_reporting.py", line 234, in wrapper
val = func(*args, **kwargs)
File "/Users/vsivasubram3/anaconda3/lib/python3.6/site-packages/pyquil/api/_qvm.py", line 226, in wavefunction
response = post_json(self.session, self.sync_endpoint + "/qvm", payload)
File "/Users/vsivasubram3/anaconda3/lib/python3.6/site-packages/pyquil/api/_base_connection.py", line 56, in post_json
res = session.post(url, json=json)
File "/Users/vsivasubram3/anaconda3/lib/python3.6/site-packages/requests/sessions.py", line 555, in post
return self.request('POST', url, data=data, json=json, **kwargs)
File "/Users/vsivasubram3/anaconda3/lib/python3.6/site-packages/requests/sessions.py", line 508, in request
resp = self.send(prep, **send_kwargs)
File "/Users/vsivasubram3/anaconda3/lib/python3.6/site-packages/requests/sessions.py", line 618, in send
r = adapter.send(request, **kwargs)
File "/Users/vsivasubram3/anaconda3/lib/python3.6/site-packages/requests/adapters.py", line 508, in send
raise ConnectionError(e, request=request)
requests.exceptions.ConnectionError: HTTPConnectionPool(host='127.0.0.1', port=5000): Max retries exceeded with url: /qvm (Caused by NewConnectionError('<urllib3.connection.HTTPConnection object at 0x10b466c18>: Failed to establish a new connection: [Errno 61] Connection refused',))
Fixed (there was a port conflict on 5000).
