rabi@vboxartiq:~/artiq-dev/artiq$ nosetests3 test/py2llvm.py
Looks like this is a bug.
Traceback (most recent call last):
File "/usr/lib/python3/dist-packages/nose/case.py", line 198, in runTest
self.test(*self.arg)
TypeError: test_base_types() missing 1 required positional argument: 'choice'
Ran 23 tests in 81.667s
FAILED (errors=1)
fixed in 337fd06
