Hi'!
I need help, when I type in @ terminal: "make -j"
...then I got a few errors:
How can I fix that?
licit-function-declaration]
if (BN_GF2m_add(r, a, b) == 0) {
^~~~~~~~~~~
BN_mod_add
ref//openssl_utils.c:86:13: error: implicit declaration of function ‘BN_GF2m_mod_inv’; did you mean ‘BN_nist_mod_func’? [-Werror=implicit-function-declaration]
inv_res = BN_GF2m_mod_inv(r, a, m, bn_ctx);
^~~~~~~~~~~~~~~
BN_nist_mod_func
ref//openssl_utils.c: In function ‘OQS_KEM_bike3_l1_ossl_add’:
ref//openssl_utils.c:178:6: error: implicit declaration of function ‘BN_GF2m_add’; did you mean ‘BN_mod_add’? [-Werror=implicit-function-declaration]
if (BN_GF2m_add(r, a, b) == 0) {
^~~~~~~~~~~
BN_mod_add
ref//openssl_utils.c: In function ‘ossl_cyclic_product’:
ref//openssl_utils.c:59:6: error: implicit declaration of function ‘BN_GF2m_mod_mul’; did you mean ‘BN_mod_mul’? [-Werror=implicit-function-declaration]
if (BN_GF2m_mod_mul(r, a, b, m, bn_ctx) == 0) {
^~~~~~~~~~~~~~~
BN_mod_mul
ref//openssl_utils.c: In function ‘invert_poly’:
ref//openssl_utils.c:86:13: error: implicit declaration of function ‘BN_GF2m_mod_inv’; did you mean ‘BN_nist_mod_func’? [-Werror=implicit-function-declaration]
inv_res = BN_GF2m_mod_inv(r, a, m, bn_ctx);
^~~~~~~~~~~~~~~
BN_nist_mod_func
ref//openssl_utils.c: In function ‘OQS_KEM_bike3_l3_ossl_add’:
ref//openssl_utils.c:178:6: error: implicit declaration of function ‘BN_GF2m_add’; did you mean ‘BN_mod_add’? [-Werror=implicit-function-declaration]
if (BN_GF2m_add(r, a, b) == 0) {
^~~~~~~~~~~
BN_mod_add
ref//openssl_utils.c: In function ‘ossl_cyclic_product’:
ref//openssl_utils.c:59:6: error: implicit declaration of function ‘BN_GF2m_mod_mul’; did you mean ‘BN_mod_mul’? [-Werror=implicit-function-declaration]
if (BN_GF2m_mod_mul(r, a, b, m, bn_ctx) == 0) {
^~~~~~~~~~~~~~~
BN_mod_mul
ref//openssl_utils.c: In function ‘invert_poly’:
ref//openssl_utils.c:86:13: error: implicit declaration of function ‘BN_GF2m_mod_inv’; did you mean ‘BN_nist_mod_func’? [-Werror=implicit-function-declaration]
inv_res = BN_GF2m_mod_inv(r, a, m, bn_ctx);
^~~~~~~~~~~~~~~
BN_nist_mod_func
ref//openssl_utils.c: In function ‘OQS_KEM_bike3_l5_ossl_add’:
ref//openssl_utils.c:178:6: error: implicit declaration of function ‘BN_GF2m_add’; did you mean ‘BN_mod_add’? [-Werror=implicit-function-declaration]
if (BN_GF2m_add(r, a, b) == 0) {
^~~~~~~~~~~
cc1: all warnings being treated as errors
make[2]: *** [Makefile:1478: ref//libkembike1_l1_la-openssl_utils.lo] Error 1
make[2]: *** Waiting for unfinished jobs....
cc1: all warnings being treated as errors
make[2]: *** [Makefile:1514: ref//libkembike1_l3_la-openssl_utils.lo] Error 1
cc1: all warnings being treated as errors
make[2]: *** [Makefile:1550: ref//libkembike1_l5_la-openssl_utils.lo] Error 1
cc1: all warnings being treated as errors
make[2]: *** [Makefile:1586: ref//libkembike2_l1_la-openssl_utils.lo] Error 1
cc1: all warnings being treated as errors
make[2]: *** [Makefile:1622: ref//libkembike2_l3_la-openssl_utils.lo] Error 1
cc1: all warnings being treated as errors
cc1: all warnings being treated as errors
make[2]: *** [Makefile:1658: ref//libkembike2_l5_la-openssl_utils.lo] Error 1
cc1: all warnings being treated as errors
make[2]: *** [Makefile:1694: ref//libkembike3_l1_la-openssl_utils.lo] Error 1
make[2]: *** [Makefile:1730: ref//libkembike3_l3_la-openssl_utils.lo] Error 1
cc1: all warnings being treated as errors
make[2]: *** [Makefile:1766: ref//libkembike3_l5_la-openssl_utils.lo] Error 1
don't work with NIST-branch:
both:
make install NO_SHARED=1 PREFIX=/usr/local/ssl/oqs
or
make install-noshared PREFIX=/usr/local/ssl/oqs
mkdir -p /usr/local/ssl/oqs/include
mkdir -p /usr/local/ssl/oqs/lib
rm -f -r /usr/local/ssl/oqs/include/oqs
rm -f /usr/local/ssl/oqs/lib/liboqs.a
rm -f /usr/local/ssl/oqs/lib/liboqs.so
cp -r include/oqs /usr/local/ssl/oqs/include
cp liboqs.a /usr/local/ssl/oqs/lib
cp: cannot stat 'liboqs.a': No such file or directory
make: *** [Makefile:180: install-noshared] Error 1
how can I fix that?
liboqs.a  is missing, where to find it?
liboqs.a is the OQS library needed by the OpenSSL fork; did you install it? See step 2 of the readme.
I did Step 1, then at Step 2, error message, liboqs is missing at compile.
Must I install the OpenSSL Fork first, then compile and install the OQS library?
Step 2 builds liboqs, so I don't understand how you are getting a "missing liboqs" error at that point. Can you write down all the commands you are inputing, on a fresh enlistment, to see where the issue it?
I did: (in Fedora)
open TERMINAL
navigate to home folder...
create a folder called: "INSTALL"
su -
'Step 1'
git clone --branch OQS-OpenSSL_1_1_1-stable https://github.com/open-quantum-safe/openssl.git
'Step 2' [Master Branch]
git clone --branch master https://github.com/open-quantum-safe/liboqs.git
cd liboqs
autoreconf -i
mkdir /usr/local/ssl
./configure --prefix=/usr/local/ssl/oqs --enable-shared=no --enable-openssl --with-openssl-dir=/usr/local/ssl
make -j
then errors after 'make -j'
Terminal output:
ref//openssl_utils.c:59:6: error: implicit declaration of function ‘BN_GF2m_mod_mul’; did you mean ‘BN_mod_mul’? [-Werror=implicit-function-declaration]
if (BN_GF2m_mod_mul(r, a, b, m, bn_ctx) == 0) {
^~~~~~~~~~~~~~~
BN_mod_mul
ref//openssl_utils.c: In function ‘invert_poly’:
ref//openssl_utils.c:86:13: error: implicit declaration of function ‘BN_GF2m_mod_inv’; did you mean ‘BN_nist_mod_func’? [-Werror=implicit-function-declaration]
inv_res = BN_GF2m_mod_inv(r, a, m, bn_ctx);
^~~~~~~~~~~~~~~
BN_nist_mod_func
ref//openssl_utils.c: In function ‘OQS_KEM_bike2_l5_ossl_add’:
ref//openssl_utils.c:178:6: error: implicit declaration of function ‘BN_GF2m_add’; did you mean ‘BN_mod_add’? [-Werror=implicit-function-declaration]
if (BN_GF2m_add(r, a, b) == 0) {
^~~~~~~~~~~
BN_mod_add
ref//openssl_utils.c: In function ‘ossl_cyclic_product’:
ref//openssl_utils.c:59:6: error: implicit declaration of function ‘BN_GF2m_mod_mul’; did you mean ‘BN_mod_mul’? [-Werror=implicit-function-declaration]
if (BN_GF2m_mod_mul(r, a, b, m, bn_ctx) == 0) {
^~~~~~~~~~~~~~~
BN_mod_mul
ref//openssl_utils.c: In function ‘invert_poly’:
ref//openssl_utils.c: In function ‘ossl_cyclic_product’:
ref//openssl_utils.c:59:6: error: implicit declaration of function ‘BN_GF2m_mod_mul’; did you mean ‘BN_mod_mul’? [-Werror=implicit-function-declaration]
if (BN_GF2m_mod_mul(r, a, b, m, bn_ctx) == 0) {
^~~~~~~~~~~~~~~
BN_mod_mul
ref//openssl_utils.c: In function ‘invert_poly’:
ref//openssl_utils.c:86:13: error: implicit declaration of function ‘BN_GF2m_mod_inv’; did you mean ‘BN_nist_mod_func’? [-Werror=implicit-function-declaration]
inv_res = BN_GF2m_mod_inv(r, a, m, bn_ctx);
^~~~~~~~~~~~~~~
BN_nist_mod_func
ref//openssl_utils.c:86:13: error: implicit declaration of function ‘BN_GF2m_mod_inv’; did you mean ‘BN_nist_mod_func’? [-Werror=implicit-function-declaration]
inv_res = BN_GF2m_mod_inv(r, a, m, bn_ctx);
^~~~~~~~~~~~~~~
BN_nist_mod_func
ref//openssl_utils.c: In function ‘OQS_KEM_bike3_l3_ossl_add’:
ref//openssl_utils.c: In function ‘OQS_KEM_bike3_l1_ossl_add’:
ref//openssl_utils.c:178:6: error: implicit declaration of function ‘BN_GF2m_add’; did you mean ‘BN_mod_add’? [-Werror=implicit-function-declaration]
if (BN_GF2m_add(r, a, b) == 0) {
^~~~~~~~~~~
BN_mod_add
ref//openssl_utils.c:178:6: error: implicit declaration of function ‘BN_GF2m_add’; did you mean ‘BN_mod_add’? [-Werror=implicit-function-declaration]
if (BN_GF2m_add(r, a, b) == 0) {
^~~~~~~~~~~
BN_mod_add
ref//openssl_utils.c: In function ‘ossl_cyclic_product’:
ref//openssl_utils.c:59:6: error: implicit declaration of function ‘BN_GF2m_mod_mul’; did you mean ‘BN_mod_mul’? [-Werror=implicit-function-declaration]
if (BN_GF2m_mod_mul(r, a, b, m, bn_ctx) == 0) {
^~~~~~~~~~~~~~~
BN_mod_mul
ref//openssl_utils.c: In function ‘invert_poly’:
ref//openssl_utils.c:86:13: error: implicit declaration of function ‘BN_GF2m_mod_inv’; did you mean ‘BN_nist_mod_func’? [-Werror=implicit-function-declaration]
inv_res = BN_GF2m_mod_inv(r, a, m, bn_ctx);
^~~~~~~~~~~~~~~
BN_nist_mod_func
ref//openssl_utils.c: In function ‘OQS_KEM_bike3_l5_ossl_add’:
ref//openssl_utils.c:178:6: error: implicit declaration of function ‘BN_GF2m_add’; did you mean ‘BN_mod_add’? [-Werror=implicit-function-declaration]
if (BN_GF2m_add(r, a, b) == 0) {
^~~~~~~~~~~
BN_mod_add
cc1: all warnings being treated as errors
make[2]: *** [Makefile:1478: ref//libkembike1_l1_la-openssl_utils.lo] Error 1
make[2]: *** Waiting for unfinished jobs....
cc1: all warnings being treated as errors
cc1: all warnings being treated as errors
make[2]: *** [Makefile:1514: ref//libkembike1_l3_la-openssl_utils.lo] Error 1
make[2]: *** [Makefile:1550: ref//libkembike1_l5_la-openssl_utils.lo] Error 1
cc1: all warnings being treated as errors
cc1: all warnings being treated as errors
make[2]: *** [Makefile:1622: ref//libkembike2_l3_la-openssl_utils.lo] Error 1
make[2]: *** [Makefile:1586: ref//libkembike2_l1_la-openssl_utils.lo] Error 1
cc1: all warnings being treated as errors
make[2]: *** [Makefile:1658: ref//libkembike2_l5_la-openssl_utils.lo] Error 1
cc1: all warnings being treated as errors
cc1: all warnings being treated as errors
make[2]: *** [Makefile:1694: ref//libkembike3_l1_la-openssl_utils.lo] Error 1
cc1: all warnings being treated as errors
make[2]: *** [Makefile:1730: ref//libkembike3_l3_la-openssl_utils.lo] Error 1
make[2]: *** [Makefile:1766: ref//libkembike3_l5_la-openssl_utils.lo] Error 1
make[2]: Leaving directory '/home/b@ng/INSTALL/liboqs/src/kem/bike'
make[1]: *** [Makefile:661: all-recursive] Error 1
make[1]: Leaving directory '/home/b@ng/INSTALL/liboqs'
make: *** [Makefile:527: all] Error 2
Can you help please? Thanks!
When building OQS, the configure's prefix value must point to the OpenSSL source directory (wherever you cloned it), not its final install location. So you should have something like:
./configure --prefix=~/openssl/oqs --enable-shared=no --enable-openssl --with-openssl-dir=/usr/local/ssl
This should allow OpenSSL to build correctly (it assumes the oqs installed dir is in its root source dir)
ah :-) ok, I will try it out tomorrow. Thanks.
configure: error: expected an absolute directory name for --prefix: ~/openssl/oqs
In the Final-Branch source-folder of OpenSSL Quantum is no 'oqs' folder inside...
You need to specify the absolute directory, instead of using the ~ shortcut: use --prefix=/home/<yourusername>/openssl/oqs (if that's where you cloned the repository)
ok, that worked:
./configure --prefix=/home/uSEr1/openssl/oqs --enable-shared=no --enable-openssl --with-openssl-dir=/usr/local/ssl
then I typed: su -
then I typed: make -j
Terminal_output_error:
ref//openssl_utils.c:59:6: error: implicit declaration of function ‘BN_GF2m_mod_mul’; did you mean ‘BN_mod_mul’? [-Werror=implicit-function-declaration]
if (BN_GF2m_mod_mul(r, a, b, m, bn_ctx) == 0) {
^~~~~~~~~~~~~~~
BN_mod_mul
ref//openssl_utils.c: In function ‘invert_poly’:
ref//openssl_utils.c:86:13: error: implicit declaration of function ‘BN_GF2m_mod_inv’; did you mean ‘BN_nist_mod_func’? [-Werror=implicit-function-declaration]
inv_res = BN_GF2m_mod_inv(r, a, m, bn_ctx);
^~~~~~~~~~~~~~~
BN_nist_mod_func
libtool: compile:  gcc -DHAVE_CONFIG_H -I. -I../../.. -std=gnu11 -Wall -Wextra -Werror -Wimplicit -Wunused -Wcomment -Wchar-subscripts -Wuninitialized -Wshadow -Wformat-security -Wwrite-strings -Wno-missing-braces -Wno-missing-field-initializers -g -fPIC -fvisibility=hidden -I/home/uSEr1/liboqs/include -I. -I/usr/local/ssl/include -O3 -fomit-frame-pointer -maes -msse2 -DCONSTANT_TIME -include functions_renaming.h -DLEVEL=5 -DBIKE_VER=3 -DFUNC_PREFIX=OQS_KEM_bike3_l5 -g -O2 -mmmx -mpopcnt -msse -msse2 -msse3 -msse4a -mavx -c ref//conversions.c -o ref//libkembike3_l5_la-conversions.o
ref//openssl_utils.c: In function ‘OQS_KEM_bike1_l5_ossl_add’:
ref//openssl_utils.c:178:6: error: implicit declaration of function ‘BN_GF2m_add’; did you mean ‘BN_mod_add’? [-Werror=implicit-function-declaration]
if (BN_GF2m_add(r, a, b) == 0) {
^~~~~~~~~~~
BN_mod_add
libtool: compile:  gcc -DHAVE_CONFIG_H -I. -I../../.. -std=gnu11 -Wall -Wextra -Werror -Wimplicit -Wunused -Wcomment -Wchar-subscripts -Wuninitialized -Wshadow -Wformat-security -Wwrite-strings -Wno-missing-braces -Wno-missing-field-initializers -g -fPIC -fvisibility=hidden -I/home/uSEr1/liboqs/include -I. -I/usr/local/ssl/include -O3 -fomit-frame-pointer -maes -msse2 -DCONSTANT_TIME -include functions_renaming.h -DLEVEL=5 -DBIKE_VER=3 -DFUNC_PREFIX=OQS_KEM_bike3_l5 -g -O2 -mmmx -mpopcnt -msse -msse2 -msse3 -msse4a -mavx -c ref//utilities.c -o ref//libkembike3_l5_la-utilities.o
libtool: compile:  gcc -DHAVE_CONFIG_H -I. -I../../.. -std=gnu11 -Wall -Wextra -Werror -Wimplicit -Wunused -Wcomment -Wchar-subscripts -Wuninitialized -Wshadow -Wformat-security -Wwrite-strings -Wno-missing-braces -Wno-missing-field-initializers -g -fPIC -fvisibility=hidden -I/home/uSEr1/liboqs/include -I. -I/usr/local/ssl/include -O3 -fomit-frame-pointer -maes -msse2 -DCONSTANT_TIME -include functions_renaming.h -DLEVEL=5 -DBIKE_VER=3 -DFUNC_PREFIX=OQS_KEM_bike3_l5 -g -O2 -mmmx -mpopcnt -msse -msse2 -msse3 -msse4a -mavx -c ref//aes_ctr_prf.c -o ref//libkembike3_l5_la-aes_ctr_prf.o
ref//openssl_utils.c: In function ‘ossl_cyclic_product’:
ref//openssl_utils.c:59:6: error: implicit declaration of function ‘BN_GF2m_mod_mul’; did you mean ‘BN_mod_mul’? [-Werror=implicit-function-declaration]
if (BN_GF2m_mod_mul(r, a, b, m, bn_ctx) == 0) {
^~~~~~~~~~~~~~~
BN_mod_mul
ref//openssl_utils.c: In function ‘invert_poly’:
libtool: compile:  gcc -DHAVE_CONFIG_H -I. -I../../.. -std=gnu11 -Wall -Wextra -Werror -Wimplicit -Wunused -Wcomment -Wchar-subscripts -Wuninitialized -Wshadow -Wformat-security -Wwrite-strings -Wno-missing-braces -Wno-missing-field-initializers -g -fPIC -fvisibility=hidden -I/home/uSEr1/liboqs/include -I. -I/usr/local/ssl/include -O3 -fomit-frame-pointer -maes -msse2 -DCONSTANT_TIME -include functions_renaming.h -DLEVEL=5 -DBIKE_VER=3 -DFUNC_PREFIX=OQS_KEM_bike3_l5 -g -O2 -mmmx -mpopcnt -msse -msse2 -msse3 -msse4a -mavx -c ref//openssl_utils.c -o ref//libkembike3_l5_la-openssl_utils.o
ref//openssl_utils.c:86:13: error: implicit declaration of function ‘BN_GF2m_mod_inv’; did you mean ‘BN_nist_mod_func’? [-Werror=implicit-function-declaration]
inv_res = BN_GF2m_mod_inv(r, a, m, bn_ctx);
^~~~~~~~~~~~~~~
BN_nist_mod_func
ref//openssl_utils.c: In function ‘OQS_KEM_bike2_l1_ossl_add’:
ref//openssl_utils.c:178:6: error: implicit declaration of function ‘BN_GF2m_add’; did you mean ‘BN_mod_add’? [-Werror=implicit-function-declaration]
if (BN_GF2m_add(r, a, b) == 0) {
^~~~~~~~~~~
BN_mod_add
libtool: compile:  gcc -DHAVE_CONFIG_H -I. -I../../.. -std=gnu11 -Wall -Wextra -Werror -Wimplicit -Wunused -Wcomment -Wchar-subscripts -Wuninitialized -Wshadow -Wformat-security -Wwrite-strings -Wno-missing-braces -Wno-missing-field-initializers -g -fPIC -fvisibility=hidden -I/home/uSEr1/liboqs/include -I. -I/usr/local/ssl/include -O3 -fomit-frame-pointer -maes -msse2 -DCONSTANT_TIME -include functions_renaming.h -DLEVEL=5 -DBIKE_VER=3 -DFUNC_PREFIX=OQS_KEM_bike3_l5 -g -O2 -mmmx -mpopcnt -msse -msse2 -msse3 -msse4a -mavx -c ref//decode.c -o ref//libkembike3_l5_la-decode.o
ref//openssl_utils.c: In function ‘ossl_cyclic_product’:
ref//openssl_utils.c:59:6: error: implicit declaration of function ‘BN_GF2m_mod_mul’; did you mean ‘BN_mod_mul’? [-Werror=implicit-function-declaration]
if (BN_GF2m_mod_mul(r, a, b, m, bn_ctx) == 0) {
^~~~~~~~~~~~~~~
BN_mod_mul
ref//openssl_utils.c: In function ‘invert_poly’:
ref//openssl_utils.c: In function ‘ossl_cyclic_product’:
ref//openssl_utils.c:59:6: error: implicit declaration of function ‘BN_GF2m_mod_mul’; did you mean ‘BN_mod_mul’? [-Werror=implicit-function-declaration]
if (BN_GF2m_mod_mul(r, a, b, m, bn_ctx) == 0) {
^~~~~~~~~~~~~~~
BN_mod_mul
ref//openssl_utils.c:86:13: error: implicit declaration of function ‘BN_GF2m_mod_inv’; did you mean ‘BN_nist_mod_func’? [-Werror=implicit-function-declaration]
inv_res = BN_GF2m_mod_inv(r, a, m, bn_ctx);
^~~~~~~~~~~~~~~
BN_nist_mod_func
ref//openssl_utils.c: In function ‘OQS_KEM_bike2_l3_ossl_add’:
ref//openssl_utils.c: In function ‘invert_poly’:
ref//openssl_utils.c:86:13: error: implicit declaration of function ‘BN_GF2m_mod_inv’; did you mean ‘BN_nist_mod_func’? [-Werror=implicit-function-declaration]
inv_res = BN_GF2m_mod_inv(r, a, m, bn_ctx);
^~~~~~~~~~~~~~~
BN_nist_mod_func
ref//openssl_utils.c: In function ‘OQS_KEM_bike2_l5_ossl_add’:
ref//openssl_utils.c:178:6: error: implicit declaration of function ‘BN_GF2m_add’; did you mean ‘BN_mod_add’? [-Werror=implicit-function-declaration]
if (BN_GF2m_add(r, a, b) == 0) {
^~~~~~~~~~~
BN_mod_add
ref//openssl_utils.c:178:6: error: implicit declaration of function ‘BN_GF2m_add’; did you mean ‘BN_mod_add’? [-Werror=implicit-function-declaration]
if (BN_GF2m_add(r, a, b) == 0) {
^~~~~~~~~~~
BN_mod_add
ref//openssl_utils.c: In function ‘ossl_cyclic_product’:
ref//openssl_utils.c:59:6: error: implicit declaration of function ‘BN_GF2m_mod_mul’; did you mean ‘BN_mod_mul’? [-Werror=implicit-function-declaration]
if (BN_GF2m_mod_mul(r, a, b, m, bn_ctx) == 0) {
^~~~~~~~~~~~~~~
BN_mod_mul
ref//openssl_utils.c: In function ‘ossl_cyclic_product’:
ref//openssl_utils.c:59:6: error: implicit declaration of function ‘BN_GF2m_mod_mul’; did you mean ‘BN_mod_mul’? [-Werror=implicit-function-declaration]
if (BN_GF2m_mod_mul(r, a, b, m, bn_ctx) == 0) {
^~~~~~~~~~~~~~~
BN_mod_mul
ref//openssl_utils.c: In function ‘invert_poly’:
ref//openssl_utils.c:86:13: error: implicit declaration of function ‘BN_GF2m_mod_inv’; did you mean ‘BN_nist_mod_func’? [-Werror=implicit-function-declaration]
inv_res = BN_GF2m_mod_inv(r, a, m, bn_ctx);
^~~~~~~~~~~~~~~
BN_nist_mod_func
ref//openssl_utils.c: In function ‘OQS_KEM_bike3_l1_ossl_add’:
ref//openssl_utils.c:178:6: error: implicit declaration of function ‘BN_GF2m_add’; did you mean ‘BN_mod_add’? [-Werror=implicit-function-declaration]
if (BN_GF2m_add(r, a, b) == 0) {
^~~~~~~~~~~
BN_mod_add
ref//openssl_utils.c: In function ‘invert_poly’:
ref//openssl_utils.c:86:13: error: implicit declaration of function ‘BN_GF2m_mod_inv’; did you mean ‘BN_nist_mod_func’? [-Werror=implicit-function-declaration]
inv_res = BN_GF2m_mod_inv(r, a, m, bn_ctx);
^~~~~~~~~~~~~~~
BN_nist_mod_func
ref//openssl_utils.c: In function ‘OQS_KEM_bike3_l3_ossl_add’:
ref//openssl_utils.c:178:6: error: implicit declaration of function ‘BN_GF2m_add’; did you mean ‘BN_mod_add’? [-Werror=implicit-function-declaration]
if (BN_GF2m_add(r, a, b) == 0) {
^~~~~~~~~~~
BN_mod_add
ref//openssl_utils.c: In function ‘ossl_cyclic_product’:
ref//openssl_utils.c:59:6: error: implicit declaration of function ‘BN_GF2m_mod_mul’; did you mean ‘BN_mod_mul’? [-Werror=implicit-function-declaration]
if (BN_GF2m_mod_mul(r, a, b, m, bn_ctx) == 0) {
^~~~~~~~~~~~~~~
BN_mod_mul
ref//openssl_utils.c: In function ‘invert_poly’:
ref//openssl_utils.c:86:13: error: implicit declaration of function ‘BN_GF2m_mod_inv’; did you mean ‘BN_nist_mod_func’? [-Werror=implicit-function-declaration]
inv_res = BN_GF2m_mod_inv(r, a, m, bn_ctx);
^~~~~~~~~~~~~~~
BN_nist_mod_func
ref//openssl_utils.c: In function ‘OQS_KEM_bike3_l5_ossl_add’:
ref//openssl_utils.c:178:6: error: implicit declaration of function ‘BN_GF2m_add’; did you mean ‘BN_mod_add’? [-Werror=implicit-function-declaration]
if (BN_GF2m_add(r, a, b) == 0) {
^~~~~~~~~~~
BN_mod_add
cc1: all warnings being treated as errors
make[2]: *** [Makefile:1478: ref//libkembike1_l1_la-openssl_utils.lo] Error 1
make[2]: *** Waiting for unfinished jobs....
cc1: all warnings being treated as errors
make[2]: *** [Makefile:1514: ref//libkembike1_l3_la-openssl_utils.lo] Error 1
cc1: all warnings being treated as errors
make[2]: *** [Makefile:1550: ref//libkembike1_l5_la-openssl_utils.lo] Error 1
cc1: all warnings being treated as errors
cc1: all warnings being treated as errors
cc1: all warnings being treated as errors
make[2]: *** [Makefile:1622: ref//libkembike2_l3_la-openssl_utils.lo] Error 1
cc1: all warnings being treated as errors
cc1: all warnings being treated as errors
make[2]: *** [Makefile:1658: ref//libkembike2_l5_la-openssl_utils.lo] Error 1
make[2]: *** [Makefile:1586: ref//libkembike2_l1_la-openssl_utils.lo] Error 1
make[2]: *** [Makefile:1694: ref//libkembike3_l1_la-openssl_utils.lo] Error 1
make[2]: *** [Makefile:1730: ref//libkembike3_l3_la-openssl_utils.lo] Error 1
cc1: all warnings being treated as errors
make[2]: *** [Makefile:1766: ref//libkembike3_l5_la-openssl_utils.lo] Error 1
make[2]: Leaving directory '/home/uSEr1/liboqs/src/kem/bike'
make[1]: *** [Makefile:661: all-recursive] Error 1
make[1]: Leaving directory '/home/uSEr1/liboqs'
make: *** [Makefile:527: all] Error 2
I don't know to fix that. Can you help please?
I suppose you have openssl installed on the system? (we have a bit of a circular dependency here, some OQS schemes depend on OpenSSL, and our OpenSSL fork depends on OQS). You need to install all the dependecies described in Step 0, i.e., do the Fedora equivalent of: sudo apt install autoconf automake gcc libtool libssl-dev make unzip xsltproc.
I have all dependencies installed. Which OpenSSL version should I install? The OpenSSL fork right?
I tried out this @ OpenSSL fork:
git clone --branch OQS-OpenSSL_1_1_1-stable https://github.com/open-quantum-safe/openssl.git
cd openssl
./Configure no-shared linux-x86_64 -lm
after 'make j'
error:
In file included from include/openssl/x509.h:18,
from apps/apps.h:26,
from apps/s_cb.c:14:
include/openssl/evp.h:18:11: fatal error: oqs/oqs.h: No such file or directory
compilation terminated.
make[1]: *** [Makefile:710: apps/s_cb.o] Error 1
make[1]: *** Waiting for unfinished jobs....
In file included from include/openssl/x509.h:18,
from apps/apps.h:26,
from apps/app_rand.c:10:
include/openssl/evp.h:18:11: fatal error: oqs/oqs.h: No such file or directory
compilation terminated.
make[1]: *** [Makefile:678: apps/app_rand.o] Error 1
In file included from include/openssl/x509.h:18,
from apps/apps.c:29:
include/openssl/evp.h:18:11: fatal error: oqs/oqs.h: No such file or directory
compilation terminated.
make[1]: *** [Makefile:686: apps/apps.o] Error 1
In file included from include/openssl/x509.h:18,
from apps/apps.h:26,
from apps/opt.c:9:
include/openssl/evp.h:18:11: fatal error: oqs/oqs.h: No such file or directory
compilation terminated.
In file included from include/openssl/x509.h:18,
from apps/apps.h:26,
from apps/bf_prefix.c:14:
include/openssl/evp.h:18:11: fatal error: oqs/oqs.h: No such file or directory
compilation terminated.
make[1]: *** [Makefile:694: apps/bf_prefix.o] Error 1
make[1]: *** [Makefile:702: apps/opt.o] Error 1
In file included from include/openssl/x509.h:18,
from apps/apps.h:26,
from apps/s_socket.c:31:
include/openssl/evp.h:18:11: fatal error: oqs/oqs.h: No such file or directory
compilation terminated.
make[1]: *** [Makefile:718: apps/s_socket.o] Error 1
In file included from crypto/asn1/a_digest.c:17:
include/openssl/evp.h:18:11: fatal error: oqs/oqs.h: No such file or directory
compilation terminated.
make[1]: *** [Makefile:829: crypto/asn1/a_digest.o] Error 1
In file included from crypto/asn1/a_d2i_fp.c:16:
crypto/include/internal/asn1_int.h:12:10: fatal error: oqs/oqs.h: No such file or directory
#include <oqs/oqs.h>
^~~~~~~~~~~
compilation terminated.
make[1]: *** [Makefile:821: crypto/asn1/a_d2i_fp.o] Error 1
make[1]: Leaving directory '/home/uSEr1/Downloads/openssl'
make: *** [Makefile:172: all] Error 2
Must I install at first the standard OpenSSL version, then OQS lib and then the OpenSSL fork?
...with standard OpenSSL version 1.1.1.b I had no erros to compile.
So, you got it to work?
yes :-) got it now.
installed first:  OpenSSL 1.1.1b
then: OQS lib
then: OpenSSL 1.1.1 stable FORK
Glad you got it to work.
